** Warning: The option -log is deprecated; use shell redirection

** Processing: aldo.png
640x350 pixels, 3x8 bits/pixel, RGB
Reducing image to 4 bits/pixel, 7 colors in palette
Input IDAT size = 9785 bytes
Input file size = 9935 bytes

Trying:
  zc = 9  zm = 9  zs = 0  f = 0		IDAT size = 2229
  zc = 9  zm = 8  zs = 0  f = 0
  zc = 9  zm = 9  zs = 1  f = 0
  zc = 9  zm = 8  zs = 1  f = 0
  zc = 1  zm = 9  zs = 2  f = 0
  zc = 1  zm = 8  zs = 2  f = 0
  zc = 9  zm = 9  zs = 3  f = 0
  zc = 9  zm = 8  zs = 3  f = 0
  zc = 9  zm = 9  zs = 0  f = 1
  zc = 9  zm = 8  zs = 0  f = 1
  zc = 9  zm = 9  zs = 1  f = 1
  zc = 9  zm = 8  zs = 1  f = 1
  zc = 1  zm = 9  zs = 2  f = 1
  zc = 1  zm = 8  zs = 2  f = 1
  zc = 9  zm = 9  zs = 3  f = 1
  zc = 9  zm = 8  zs = 3  f = 1
  zc = 9  zm = 9  zs = 0  f = 2
  zc = 9  zm = 8  zs = 0  f = 2
  zc = 9  zm = 9  zs = 1  f = 2
  zc = 9  zm = 8  zs = 1  f = 2
  zc = 1  zm = 9  zs = 2  f = 2
  zc = 1  zm = 8  zs = 2  f = 2
  zc = 9  zm = 9  zs = 3  f = 2
  zc = 9  zm = 8  zs = 3  f = 2
  zc = 9  zm = 9  zs = 0  f = 3
  zc = 9  zm = 8  zs = 0  f = 3
  zc = 9  zm = 9  zs = 1  f = 3
  zc = 9  zm = 8  zs = 1  f = 3
  zc = 1  zm = 9  zs = 2  f = 3
  zc = 1  zm = 8  zs = 2  f = 3
  zc = 9  zm = 9  zs = 3  f = 3
  zc = 9  zm = 8  zs = 3  f = 3
  zc = 9  zm = 9  zs = 0  f = 4
  zc = 9  zm = 8  zs = 0  f = 4
  zc = 9  zm = 9  zs = 1  f = 4
  zc = 9  zm = 8  zs = 1  f = 4
  zc = 1  zm = 9  zs = 2  f = 4
  zc = 1  zm = 8  zs = 2  f = 4
  zc = 9  zm = 9  zs = 3  f = 4
  zc = 9  zm = 8  zs = 3  f = 4
  zc = 9  zm = 9  zs = 0  f = 5
  zc = 9  zm = 8  zs = 0  f = 5
  zc = 9  zm = 9  zs = 1  f = 5
  zc = 9  zm = 8  zs = 1  f = 5
  zc = 1  zm = 9  zs = 2  f = 5
  zc = 1  zm = 8  zs = 2  f = 5
  zc = 9  zm = 9  zs = 3  f = 5
  zc = 9  zm = 8  zs = 3  f = 5

Selecting parameters:
  zc = 9  zm = 9  zs = 0  f = 0		IDAT size = 2229

Output file: optimized/aldo.png

Output IDAT size = 2229 bytes (7556 bytes decrease)
Output file size = 2412 bytes (7523 bytes = 75.72% decrease)

** Warning: The option -log is deprecated; use shell redirection

** Processing: alienation.png
828x811 pixels, 3x8 bits/pixel, RGB
Input IDAT size = 450218 bytes
Input file size = 451035 bytes

Trying:
  zc = 9  zm = 9  zs = 0  f = 0
  zc = 9  zm = 8  zs = 0  f = 0
  zc = 9  zm = 9  zs = 1  f = 0
  zc = 9  zm = 8  zs = 1  f = 0
  zc = 1  zm = 9  zs = 2  f = 0
  zc = 1  zm = 8  zs = 2  f = 0
  zc = 9  zm = 9  zs = 3  f = 0
  zc = 9  zm = 8  zs = 3  f = 0
  zc = 9  zm = 9  zs = 0  f = 1
  zc = 9  zm = 8  zs = 0  f = 1
  zc = 9  zm = 9  zs = 1  f = 1
  zc = 9  zm = 8  zs = 1  f = 1
  zc = 1  zm = 9  zs = 2  f = 1
  zc = 1  zm = 8  zs = 2  f = 1
  zc = 9  zm = 9  zs = 3  f = 1
  zc = 9  zm = 8  zs = 3  f = 1
  zc = 9  zm = 9  zs = 0  f = 2		IDAT size = 433808
  zc = 9  zm = 8  zs = 0  f = 2		IDAT size = 433791
  zc = 9  zm = 9  zs = 1  f = 2		IDAT size = 430556
  zc = 9  zm = 8  zs = 1  f = 2
  zc = 1  zm = 9  zs = 2  f = 2
  zc = 1  zm = 8  zs = 2  f = 2
  zc = 9  zm = 9  zs = 3  f = 2
  zc = 9  zm = 8  zs = 3  f = 2
  zc = 9  zm = 9  zs = 0  f = 3
  zc = 9  zm = 8  zs = 0  f = 3
  zc = 9  zm = 9  zs = 1  f = 3
  zc = 9  zm = 8  zs = 1  f = 3
  zc = 1  zm = 9  zs = 2  f = 3
  zc = 1  zm = 8  zs = 2  f = 3
  zc = 9  zm = 9  zs = 3  f = 3
  zc = 9  zm = 8  zs = 3  f = 3
  zc = 9  zm = 9  zs = 0  f = 4
  zc = 9  zm = 8  zs = 0  f = 4
  zc = 9  zm = 9  zs = 1  f = 4
  zc = 9  zm = 8  zs = 1  f = 4
  zc = 1  zm = 9  zs = 2  f = 4
  zc = 1  zm = 8  zs = 2  f = 4
  zc = 9  zm = 9  zs = 3  f = 4
  zc = 9  zm = 8  zs = 3  f = 4
  zc = 9  zm = 9  zs = 0  f = 5
  zc = 9  zm = 8  zs = 0  f = 5
  zc = 9  zm = 9  zs = 1  f = 5
  zc = 9  zm = 8  zs = 1  f = 5
  zc = 1  zm = 9  zs = 2  f = 5
  zc = 1  zm = 8  zs = 2  f = 5
  zc = 9  zm = 9  zs = 3  f = 5
  zc = 9  zm = 8  zs = 3  f = 5

Selecting parameters:
  zc = 9  zm = 9  zs = 1  f = 2		IDAT size = 430556

Output file: optimized/alienation.png

Output IDAT size = 430556 bytes (19662 bytes decrease)
Output file size = 430725 bytes (20310 bytes = 4.50% decrease)

** Warning: The option -log is deprecated; use shell redirection

** Processing: ambient.png
4280x2694 pixels, 4x8 bits/pixel, RGB+alpha
Input IDAT size = 5358037 bytes
Input file size = 5365454 bytes

Trying:
  zc = 9  zm = 9  zs = 0  f = 0		IDAT size = 3442161
  zc = 9  zm = 8  zs = 0  f = 0		IDAT size = 3440678
  zc = 9  zm = 9  zs = 1  f = 0
  zc = 9  zm = 8  zs = 1  f = 0
  zc = 1  zm = 9  zs = 2  f = 0
  zc = 1  zm = 8  zs = 2  f = 0
  zc = 9  zm = 9  zs = 3  f = 0
  zc = 9  zm = 8  zs = 3  f = 0
  zc = 9  zm = 9  zs = 0  f = 1		IDAT size = 2739566
  zc = 9  zm = 8  zs = 0  f = 1		IDAT size = 2737211
  zc = 9  zm = 9  zs = 1  f = 1		IDAT size = 2711510
  zc = 9  zm = 8  zs = 1  f = 1		IDAT size = 2707517
  zc = 1  zm = 9  zs = 2  f = 1
  zc = 1  zm = 8  zs = 2  f = 1
  zc = 9  zm = 9  zs = 3  f = 1
  zc = 9  zm = 8  zs = 3  f = 1
  zc = 9  zm = 9  zs = 0  f = 2		IDAT size = 2140851
  zc = 9  zm = 8  zs = 0  f = 2		IDAT size = 2132474
  zc = 9  zm = 9  zs = 1  f = 2		IDAT size = 2118788
  zc = 9  zm = 8  zs = 1  f = 2		IDAT size = 2110387
  zc = 1  zm = 9  zs = 2  f = 2
  zc = 1  zm = 8  zs = 2  f = 2
  zc = 9  zm = 9  zs = 3  f = 2
  zc = 9  zm = 8  zs = 3  f = 2
  zc = 9  zm = 9  zs = 0  f = 3
  zc = 9  zm = 8  zs = 0  f = 3
  zc = 9  zm = 9  zs = 1  f = 3
  zc = 9  zm = 8  zs = 1  f = 3
  zc = 1  zm = 9  zs = 2  f = 3
  zc = 1  zm = 8  zs = 2  f = 3
  zc = 9  zm = 9  zs = 3  f = 3
  zc = 9  zm = 8  zs = 3  f = 3
  zc = 9  zm = 9  zs = 0  f = 4
  zc = 9  zm = 8  zs = 0  f = 4
  zc = 9  zm = 9  zs = 1  f = 4
  zc = 9  zm = 8  zs = 1  f = 4
  zc = 1  zm = 9  zs = 2  f = 4
  zc = 1  zm = 8  zs = 2  f = 4
  zc = 9  zm = 9  zs = 3  f = 4
  zc = 9  zm = 8  zs = 3  f = 4
  zc = 9  zm = 9  zs = 0  f = 5
  zc = 9  zm = 8  zs = 0  f = 5
  zc = 9  zm = 9  zs = 1  f = 5
  zc = 9  zm = 8  zs = 1  f = 5
  zc = 1  zm = 9  zs = 2  f = 5
  zc = 1  zm = 8  zs = 2  f = 5
  zc = 9  zm = 9  zs = 3  f = 5
  zc = 9  zm = 8  zs = 3  f = 5

Selecting parameters:
  zc = 9  zm = 8  zs = 1  f = 2		IDAT size = 2110387

Output file: optimized/ambient.png

Output IDAT size = 2110387 bytes (3247650 bytes decrease)
Output file size = 2113880 bytes (3251574 bytes = 60.60% decrease)

** Warning: The option -log is deprecated; use shell redirection

** Processing: bbs.png
641x397 pixels, 3x8 bits/pixel, RGB
Input IDAT size = 127926 bytes
Input file size = 128160 bytes

Trying:
  zc = 9  zm = 9  zs = 0  f = 0		IDAT size = 123317
  zc = 9  zm = 8  zs = 0  f = 0		IDAT size = 122818
  zc = 9  zm = 9  zs = 1  f = 0
  zc = 9  zm = 8  zs = 1  f = 0
  zc = 1  zm = 9  zs = 2  f = 0
  zc = 1  zm = 8  zs = 2  f = 0
  zc = 9  zm = 9  zs = 3  f = 0
  zc = 9  zm = 8  zs = 3  f = 0
  zc = 9  zm = 9  zs = 0  f = 1		IDAT size = 121509
  zc = 9  zm = 8  zs = 0  f = 1		IDAT size = 121429
  zc = 9  zm = 9  zs = 1  f = 1		IDAT size = 116926
  zc = 9  zm = 8  zs = 1  f = 1		IDAT size = 116845
  zc = 1  zm = 9  zs = 2  f = 1
  zc = 1  zm = 8  zs = 2  f = 1
  zc = 9  zm = 9  zs = 3  f = 1
  zc = 9  zm = 8  zs = 3  f = 1
  zc = 9  zm = 9  zs = 0  f = 2
  zc = 9  zm = 8  zs = 0  f = 2
  zc = 9  zm = 9  zs = 1  f = 2		IDAT size = 114816
  zc = 9  zm = 8  zs = 1  f = 2
  zc = 1  zm = 9  zs = 2  f = 2
  zc = 1  zm = 8  zs = 2  f = 2
  zc = 9  zm = 9  zs = 3  f = 2
  zc = 9  zm = 8  zs = 3  f = 2
  zc = 9  zm = 9  zs = 0  f = 3
  zc = 9  zm = 8  zs = 0  f = 3
  zc = 9  zm = 9  zs = 1  f = 3
  zc = 9  zm = 8  zs = 1  f = 3
  zc = 1  zm = 9  zs = 2  f = 3
  zc = 1  zm = 8  zs = 2  f = 3
  zc = 9  zm = 9  zs = 3  f = 3
  zc = 9  zm = 8  zs = 3  f = 3
  zc = 9  zm = 9  zs = 0  f = 4		IDAT size = 110327
  zc = 9  zm = 8  zs = 0  f = 4
  zc = 9  zm = 9  zs = 1  f = 4		IDAT size = 104133
  zc = 9  zm = 8  zs = 1  f = 4		IDAT size = 104118
  zc = 1  zm = 9  zs = 2  f = 4
  zc = 1  zm = 8  zs = 2  f = 4
  zc = 9  zm = 9  zs = 3  f = 4
  zc = 9  zm = 8  zs = 3  f = 4
  zc = 9  zm = 9  zs = 0  f = 5
  zc = 9  zm = 8  zs = 0  f = 5
  zc = 9  zm = 9  zs = 1  f = 5
  zc = 9  zm = 8  zs = 1  f = 5
  zc = 1  zm = 9  zs = 2  f = 5
  zc = 1  zm = 8  zs = 2  f = 5
  zc = 9  zm = 9  zs = 3  f = 5
  zc = 9  zm = 8  zs = 3  f = 5

Selecting parameters:
  zc = 9  zm = 8  zs = 1  f = 4		IDAT size = 104118

Output file: optimized/bbs.png

Output IDAT size = 104118 bytes (23808 bytes decrease)
Output file size = 104268 bytes (23892 bytes = 18.64% decrease)

** Warning: The option -log is deprecated; use shell redirection

** Processing: benlacroix.png
4280x2694 pixels, 4x8 bits/pixel, RGB+alpha
Input IDAT size = 3465721 bytes
Input file size = 3471758 bytes

Trying:
  zc = 9  zm = 9  zs = 0  f = 0		IDAT size = 1781522
  zc = 9  zm = 8  zs = 0  f = 0		IDAT size = 1776354
  zc = 9  zm = 9  zs = 1  f = 0
  zc = 9  zm = 8  zs = 1  f = 0
  zc = 1  zm = 9  zs = 2  f = 0
  zc = 1  zm = 8  zs = 2  f = 0
  zc = 9  zm = 9  zs = 3  f = 0
  zc = 9  zm = 8  zs = 3  f = 0
  zc = 9  zm = 9  zs = 0  f = 1		IDAT size = 1755382
  zc = 9  zm = 8  zs = 0  f = 1		IDAT size = 1753495
  zc = 9  zm = 9  zs = 1  f = 1		IDAT size = 1729857
  zc = 9  zm = 8  zs = 1  f = 1		IDAT size = 1727326
  zc = 1  zm = 9  zs = 2  f = 1
  zc = 1  zm = 8  zs = 2  f = 1
  zc = 9  zm = 9  zs = 3  f = 1
  zc = 9  zm = 8  zs = 3  f = 1
  zc = 9  zm = 9  zs = 0  f = 2		IDAT size = 1357111
  zc = 9  zm = 8  zs = 0  f = 2		IDAT size = 1349864
  zc = 9  zm = 9  zs = 1  f = 2
  zc = 9  zm = 8  zs = 1  f = 2		IDAT size = 1349785
  zc = 1  zm = 9  zs = 2  f = 2
  zc = 1  zm = 8  zs = 2  f = 2
  zc = 9  zm = 9  zs = 3  f = 2
  zc = 9  zm = 8  zs = 3  f = 2
  zc = 9  zm = 9  zs = 0  f = 3
  zc = 9  zm = 8  zs = 0  f = 3
  zc = 9  zm = 9  zs = 1  f = 3
  zc = 9  zm = 8  zs = 1  f = 3
  zc = 1  zm = 9  zs = 2  f = 3
  zc = 1  zm = 8  zs = 2  f = 3
  zc = 9  zm = 9  zs = 3  f = 3
  zc = 9  zm = 8  zs = 3  f = 3
  zc = 9  zm = 9  zs = 0  f = 4
  zc = 9  zm = 8  zs = 0  f = 4
  zc = 9  zm = 9  zs = 1  f = 4
  zc = 9  zm = 8  zs = 1  f = 4
  zc = 1  zm = 9  zs = 2  f = 4
  zc = 1  zm = 8  zs = 2  f = 4
  zc = 9  zm = 9  zs = 3  f = 4
  zc = 9  zm = 8  zs = 3  f = 4
  zc = 9  zm = 9  zs = 0  f = 5
  zc = 9  zm = 8  zs = 0  f = 5
  zc = 9  zm = 9  zs = 1  f = 5
  zc = 9  zm = 8  zs = 1  f = 5
  zc = 1  zm = 9  zs = 2  f = 5
  zc = 1  zm = 8  zs = 2  f = 5
  zc = 9  zm = 9  zs = 3  f = 5
  zc = 9  zm = 8  zs = 3  f = 5

Selecting parameters:
  zc = 9  zm = 8  zs = 1  f = 2		IDAT size = 1349785

Output file: optimized/benlacroix.png

Output IDAT size = 1349785 bytes (2115936 bytes decrease)
Output file size = 1353278 bytes (2118480 bytes = 61.02% decrease)

** Warning: The option -log is deprecated; use shell redirection

** Processing: bernstein.png
2916x2182 pixels, 4x8 bits/pixel, RGB+alpha
Input IDAT size = 1759932 bytes
Input file size = 1764709 bytes

Trying:
  zc = 9  zm = 9  zs = 0  f = 0		IDAT size = 1512464
  zc = 9  zm = 8  zs = 0  f = 0		IDAT size = 1505231
  zc = 9  zm = 9  zs = 1  f = 0
  zc = 9  zm = 8  zs = 1  f = 0
  zc = 1  zm = 9  zs = 2  f = 0
  zc = 1  zm = 8  zs = 2  f = 0
  zc = 9  zm = 9  zs = 3  f = 0
  zc = 9  zm = 8  zs = 3  f = 0
  zc = 9  zm = 9  zs = 0  f = 1		IDAT size = 1340418
  zc = 9  zm = 8  zs = 0  f = 1		IDAT size = 1334709
  zc = 9  zm = 9  zs = 1  f = 1		IDAT size = 1333207
  zc = 9  zm = 8  zs = 1  f = 1		IDAT size = 1329797
  zc = 1  zm = 9  zs = 2  f = 1
  zc = 1  zm = 8  zs = 2  f = 1
  zc = 9  zm = 9  zs = 3  f = 1
  zc = 9  zm = 8  zs = 3  f = 1
  zc = 9  zm = 9  zs = 0  f = 2		IDAT size = 1118326
  zc = 9  zm = 8  zs = 0  f = 2		IDAT size = 1112028
  zc = 9  zm = 9  zs = 1  f = 2
  zc = 9  zm = 8  zs = 1  f = 2		IDAT size = 1111445
  zc = 1  zm = 9  zs = 2  f = 2
  zc = 1  zm = 8  zs = 2  f = 2
  zc = 9  zm = 9  zs = 3  f = 2
  zc = 9  zm = 8  zs = 3  f = 2
  zc = 9  zm = 9  zs = 0  f = 3
  zc = 9  zm = 8  zs = 0  f = 3
  zc = 9  zm = 9  zs = 1  f = 3
  zc = 9  zm = 8  zs = 1  f = 3
  zc = 1  zm = 9  zs = 2  f = 3
  zc = 1  zm = 8  zs = 2  f = 3
  zc = 9  zm = 9  zs = 3  f = 3
  zc = 9  zm = 8  zs = 3  f = 3
  zc = 9  zm = 9  zs = 0  f = 4
  zc = 9  zm = 8  zs = 0  f = 4
  zc = 9  zm = 9  zs = 1  f = 4
  zc = 9  zm = 8  zs = 1  f = 4
  zc = 1  zm = 9  zs = 2  f = 4
  zc = 1  zm = 8  zs = 2  f = 4
  zc = 9  zm = 9  zs = 3  f = 4
  zc = 9  zm = 8  zs = 3  f = 4
  zc = 9  zm = 9  zs = 0  f = 5
  zc = 9  zm = 8  zs = 0  f = 5
  zc = 9  zm = 9  zs = 1  f = 5
  zc = 9  zm = 8  zs = 1  f = 5
  zc = 1  zm = 9  zs = 2  f = 5
  zc = 1  zm = 8  zs = 2  f = 5
  zc = 9  zm = 9  zs = 3  f = 5
  zc = 9  zm = 8  zs = 3  f = 5

Selecting parameters:
  zc = 9  zm = 8  zs = 1  f = 2		IDAT size = 1111445

Output file: optimized/bernstein.png

Output IDAT size = 1111445 bytes (648487 bytes decrease)
Output file size = 1114938 bytes (649771 bytes = 36.82% decrease)

** Warning: The option -log is deprecated; use shell redirection

** Processing: bootstrap.png
4280x2694 pixels, 4x8 bits/pixel, RGB+alpha
Input IDAT size = 2504194 bytes
Input file size = 2509523 bytes

Trying:
  zc = 9  zm = 9  zs = 0  f = 0		IDAT size = 2066140
  zc = 9  zm = 8  zs = 0  f = 0		IDAT size = 2054790
  zc = 9  zm = 9  zs = 1  f = 0
  zc = 9  zm = 8  zs = 1  f = 0
  zc = 1  zm = 9  zs = 2  f = 0
  zc = 1  zm = 8  zs = 2  f = 0
  zc = 9  zm = 9  zs = 3  f = 0
  zc = 9  zm = 8  zs = 3  f = 0
  zc = 9  zm = 9  zs = 0  f = 1		IDAT size = 1993625
  zc = 9  zm = 8  zs = 0  f = 1		IDAT size = 1984391
  zc = 9  zm = 9  zs = 1  f = 1
  zc = 9  zm = 8  zs = 1  f = 1
  zc = 1  zm = 9  zs = 2  f = 1
  zc = 1  zm = 8  zs = 2  f = 1
  zc = 9  zm = 9  zs = 3  f = 1
  zc = 9  zm = 8  zs = 3  f = 1
  zc = 9  zm = 9  zs = 0  f = 2		IDAT size = 1614589
  zc = 9  zm = 8  zs = 0  f = 2		IDAT size = 1601559
  zc = 9  zm = 9  zs = 1  f = 2
  zc = 9  zm = 8  zs = 1  f = 2
  zc = 1  zm = 9  zs = 2  f = 2
  zc = 1  zm = 8  zs = 2  f = 2
  zc = 9  zm = 9  zs = 3  f = 2
  zc = 9  zm = 8  zs = 3  f = 2
  zc = 9  zm = 9  zs = 0  f = 3
  zc = 9  zm = 8  zs = 0  f = 3
  zc = 9  zm = 9  zs = 1  f = 3
  zc = 9  zm = 8  zs = 1  f = 3
  zc = 1  zm = 9  zs = 2  f = 3
  zc = 1  zm = 8  zs = 2  f = 3
  zc = 9  zm = 9  zs = 3  f = 3
  zc = 9  zm = 8  zs = 3  f = 3
  zc = 9  zm = 9  zs = 0  f = 4
  zc = 9  zm = 8  zs = 0  f = 4
  zc = 9  zm = 9  zs = 1  f = 4
  zc = 9  zm = 8  zs = 1  f = 4
  zc = 1  zm = 9  zs = 2  f = 4
  zc = 1  zm = 8  zs = 2  f = 4
  zc = 9  zm = 9  zs = 3  f = 4
  zc = 9  zm = 8  zs = 3  f = 4
  zc = 9  zm = 9  zs = 0  f = 5
  zc = 9  zm = 8  zs = 0  f = 5
  zc = 9  zm = 9  zs = 1  f = 5
  zc = 9  zm = 8  zs = 1  f = 5
  zc = 1  zm = 9  zs = 2  f = 5
  zc = 1  zm = 8  zs = 2  f = 5
  zc = 9  zm = 9  zs = 3  f = 5
  zc = 9  zm = 8  zs = 3  f = 5

Selecting parameters:
  zc = 9  zm = 8  zs = 0  f = 2		IDAT size = 1601559

Output file: optimized/bootstrap.png

Output IDAT size = 1601559 bytes (902635 bytes decrease)
Output file size = 1605052 bytes (904471 bytes = 36.04% decrease)

** Warning: The option -log is deprecated; use shell redirection

** Processing: c64.png
1024x683 pixels, 3x8 bits/pixel, RGB
Input IDAT size = 998495 bytes
Input file size = 999365 bytes

Trying:
  zc = 9  zm = 9  zs = 0  f = 0
  zc = 9  zm = 8  zs = 0  f = 0
  zc = 9  zm = 9  zs = 1  f = 0
  zc = 9  zm = 8  zs = 1  f = 0
  zc = 1  zm = 9  zs = 2  f = 0
  zc = 1  zm = 8  zs = 2  f = 0
  zc = 9  zm = 9  zs = 3  f = 0
  zc = 9  zm = 8  zs = 3  f = 0
  zc = 9  zm = 9  zs = 0  f = 1
  zc = 9  zm = 8  zs = 0  f = 1
  zc = 9  zm = 9  zs = 1  f = 1
  zc = 9  zm = 8  zs = 1  f = 1
  zc = 1  zm = 9  zs = 2  f = 1
  zc = 1  zm = 8  zs = 2  f = 1
  zc = 9  zm = 9  zs = 3  f = 1
  zc = 9  zm = 8  zs = 3  f = 1
  zc = 9  zm = 9  zs = 0  f = 2		IDAT size = 921952
  zc = 9  zm = 8  zs = 0  f = 2
  zc = 9  zm = 9  zs = 1  f = 2
  zc = 9  zm = 8  zs = 1  f = 2
  zc = 1  zm = 9  zs = 2  f = 2
  zc = 1  zm = 8  zs = 2  f = 2
  zc = 9  zm = 9  zs = 3  f = 2
  zc = 9  zm = 8  zs = 3  f = 2
  zc = 9  zm = 9  zs = 0  f = 3
  zc = 9  zm = 8  zs = 0  f = 3
  zc = 9  zm = 9  zs = 1  f = 3
  zc = 9  zm = 8  zs = 1  f = 3
  zc = 1  zm = 9  zs = 2  f = 3
  zc = 1  zm = 8  zs = 2  f = 3
  zc = 9  zm = 9  zs = 3  f = 3
  zc = 9  zm = 8  zs = 3  f = 3
  zc = 9  zm = 9  zs = 0  f = 4		IDAT size = 900427
  zc = 9  zm = 8  zs = 0  f = 4
  zc = 9  zm = 9  zs = 1  f = 4
  zc = 9  zm = 8  zs = 1  f = 4
  zc = 1  zm = 9  zs = 2  f = 4
  zc = 1  zm = 8  zs = 2  f = 4
  zc = 9  zm = 9  zs = 3  f = 4
  zc = 9  zm = 8  zs = 3  f = 4
  zc = 9  zm = 9  zs = 0  f = 5
  zc = 9  zm = 8  zs = 0  f = 5
  zc = 9  zm = 9  zs = 1  f = 5
  zc = 9  zm = 8  zs = 1  f = 5
  zc = 1  zm = 9  zs = 2  f = 5
  zc = 1  zm = 8  zs = 2  f = 5
  zc = 9  zm = 9  zs = 3  f = 5
  zc = 9  zm = 8  zs = 3  f = 5

Selecting parameters:
  zc = 9  zm = 9  zs = 0  f = 4		IDAT size = 900427

Output file: optimized/c64.png

Output IDAT size = 900427 bytes (98068 bytes decrease)
Output file size = 900577 bytes (98788 bytes = 9.89% decrease)

** Warning: The option -log is deprecated; use shell redirection

** Processing: cameronsworld.png
4280x2694 pixels, 4x8 bits/pixel, RGB+alpha
Input IDAT size = 2849257 bytes
Input file size = 2854838 bytes

Trying:
  zc = 9  zm = 9  zs = 0  f = 0		IDAT size = 1902604
  zc = 9  zm = 8  zs = 0  f = 0		IDAT size = 1898317
  zc = 9  zm = 9  zs = 1  f = 0
  zc = 9  zm = 8  zs = 1  f = 0
  zc = 1  zm = 9  zs = 2  f = 0
  zc = 1  zm = 8  zs = 2  f = 0
  zc = 9  zm = 9  zs = 3  f = 0
  zc = 9  zm = 8  zs = 3  f = 0
  zc = 9  zm = 9  zs = 0  f = 1
  zc = 9  zm = 8  zs = 0  f = 1
  zc = 9  zm = 9  zs = 1  f = 1
  zc = 9  zm = 8  zs = 1  f = 1
  zc = 1  zm = 9  zs = 2  f = 1
  zc = 1  zm = 8  zs = 2  f = 1
  zc = 9  zm = 9  zs = 3  f = 1
  zc = 9  zm = 8  zs = 3  f = 1
  zc = 9  zm = 9  zs = 0  f = 2		IDAT size = 1689035
  zc = 9  zm = 8  zs = 0  f = 2		IDAT size = 1682796
  zc = 9  zm = 9  zs = 1  f = 2
  zc = 9  zm = 8  zs = 1  f = 2
  zc = 1  zm = 9  zs = 2  f = 2
  zc = 1  zm = 8  zs = 2  f = 2
  zc = 9  zm = 9  zs = 3  f = 2
  zc = 9  zm = 8  zs = 3  f = 2
  zc = 9  zm = 9  zs = 0  f = 3
  zc = 9  zm = 8  zs = 0  f = 3
  zc = 9  zm = 9  zs = 1  f = 3
  zc = 9  zm = 8  zs = 1  f = 3
  zc = 1  zm = 9  zs = 2  f = 3
  zc = 1  zm = 8  zs = 2  f = 3
  zc = 9  zm = 9  zs = 3  f = 3
  zc = 9  zm = 8  zs = 3  f = 3
  zc = 9  zm = 9  zs = 0  f = 4
  zc = 9  zm = 8  zs = 0  f = 4
  zc = 9  zm = 9  zs = 1  f = 4
  zc = 9  zm = 8  zs = 1  f = 4
  zc = 1  zm = 9  zs = 2  f = 4
  zc = 1  zm = 8  zs = 2  f = 4
  zc = 9  zm = 9  zs = 3  f = 4
  zc = 9  zm = 8  zs = 3  f = 4
  zc = 9  zm = 9  zs = 0  f = 5
  zc = 9  zm = 8  zs = 0  f = 5
  zc = 9  zm = 9  zs = 1  f = 5
  zc = 9  zm = 8  zs = 1  f = 5
  zc = 1  zm = 9  zs = 2  f = 5
  zc = 1  zm = 8  zs = 2  f = 5
  zc = 9  zm = 9  zs = 3  f = 5
  zc = 9  zm = 8  zs = 3  f = 5

Selecting parameters:
  zc = 9  zm = 8  zs = 0  f = 2		IDAT size = 1682796

Output file: optimized/cameronsworld.png

Output IDAT size = 1682796 bytes (1166461 bytes decrease)
Output file size = 1686289 bytes (1168549 bytes = 40.93% decrease)

** Warning: The option -log is deprecated; use shell redirection

** Processing: connie.png
4280x2694 pixels, 4x8 bits/pixel, RGB+alpha
Input IDAT size = 10458547 bytes
Input file size = 10469696 bytes

Trying:
  zc = 9  zm = 9  zs = 0  f = 0		IDAT size = 9641469
  zc = 9  zm = 8  zs = 0  f = 0
  zc = 9  zm = 9  zs = 1  f = 0
  zc = 9  zm = 8  zs = 1  f = 0
  zc = 1  zm = 9  zs = 2  f = 0
  zc = 1  zm = 8  zs = 2  f = 0
  zc = 9  zm = 9  zs = 3  f = 0
  zc = 9  zm = 8  zs = 3  f = 0
  zc = 9  zm = 9  zs = 0  f = 1		IDAT size = 7860237
  zc = 9  zm = 8  zs = 0  f = 1
  zc = 9  zm = 9  zs = 1  f = 1		IDAT size = 7837653
  zc = 9  zm = 8  zs = 1  f = 1
  zc = 1  zm = 9  zs = 2  f = 1
  zc = 1  zm = 8  zs = 2  f = 1
  zc = 9  zm = 9  zs = 3  f = 1
  zc = 9  zm = 8  zs = 3  f = 1
  zc = 9  zm = 9  zs = 0  f = 2		IDAT size = 7804191
  zc = 9  zm = 8  zs = 0  f = 2		IDAT size = 7797556
  zc = 9  zm = 9  zs = 1  f = 2
  zc = 9  zm = 8  zs = 1  f = 2		IDAT size = 7790050
  zc = 1  zm = 9  zs = 2  f = 2
  zc = 1  zm = 8  zs = 2  f = 2
  zc = 9  zm = 9  zs = 3  f = 2
  zc = 9  zm = 8  zs = 3  f = 2
  zc = 9  zm = 9  zs = 0  f = 3
  zc = 9  zm = 8  zs = 0  f = 3
  zc = 9  zm = 9  zs = 1  f = 3
  zc = 9  zm = 8  zs = 1  f = 3
  zc = 1  zm = 9  zs = 2  f = 3
  zc = 1  zm = 8  zs = 2  f = 3
  zc = 9  zm = 9  zs = 3  f = 3
  zc = 9  zm = 8  zs = 3  f = 3
  zc = 9  zm = 9  zs = 0  f = 4		IDAT size = 7776437
  zc = 9  zm = 8  zs = 0  f = 4		IDAT size = 7775588
  zc = 9  zm = 9  zs = 1  f = 4		IDAT size = 7707088
  zc = 9  zm = 8  zs = 1  f = 4
  zc = 1  zm = 9  zs = 2  f = 4
  zc = 1  zm = 8  zs = 2  f = 4
  zc = 9  zm = 9  zs = 3  f = 4
  zc = 9  zm = 8  zs = 3  f = 4
  zc = 9  zm = 9  zs = 0  f = 5
  zc = 9  zm = 8  zs = 0  f = 5
  zc = 9  zm = 9  zs = 1  f = 5		IDAT size = 7672250
  zc = 9  zm = 8  zs = 1  f = 5
  zc = 1  zm = 9  zs = 2  f = 5
  zc = 1  zm = 8  zs = 2  f = 5
  zc = 9  zm = 9  zs = 3  f = 5
  zc = 9  zm = 8  zs = 3  f = 5

Selecting parameters:
  zc = 9  zm = 9  zs = 1  f = 5		IDAT size = 7672250

Output file: optimized/connie.png

Output IDAT size = 7672250 bytes (2786297 bytes decrease)
Output file size = 7675743 bytes (2793953 bytes = 26.69% decrease)

** Warning: The option -log is deprecated; use shell redirection

** Processing: cpulove.png
4280x2694 pixels, 4x8 bits/pixel, RGB+alpha
Input IDAT size = 1513420 bytes
Input file size = 1518017 bytes

Trying:
  zc = 9  zm = 9  zs = 0  f = 0		IDAT size = 1270051
  zc = 9  zm = 8  zs = 0  f = 0		IDAT size = 1259681
  zc = 9  zm = 9  zs = 1  f = 0
  zc = 9  zm = 8  zs = 1  f = 0
  zc = 1  zm = 9  zs = 2  f = 0
  zc = 1  zm = 8  zs = 2  f = 0
  zc = 9  zm = 9  zs = 3  f = 0
  zc = 9  zm = 8  zs = 3  f = 0
  zc = 9  zm = 9  zs = 0  f = 1		IDAT size = 1057609
  zc = 9  zm = 8  zs = 0  f = 1		IDAT size = 1052954
  zc = 9  zm = 9  zs = 1  f = 1		IDAT size = 1020786
  zc = 9  zm = 8  zs = 1  f = 1		IDAT size = 1016668
  zc = 1  zm = 9  zs = 2  f = 1
  zc = 1  zm = 8  zs = 2  f = 1
  zc = 9  zm = 9  zs = 3  f = 1
  zc = 9  zm = 8  zs = 3  f = 1
  zc = 9  zm = 9  zs = 0  f = 2		IDAT size = 735742
  zc = 9  zm = 8  zs = 0  f = 2		IDAT size = 727098
  zc = 9  zm = 9  zs = 1  f = 2		IDAT size = 704136
  zc = 9  zm = 8  zs = 1  f = 2		IDAT size = 696506
  zc = 1  zm = 9  zs = 2  f = 2
  zc = 1  zm = 8  zs = 2  f = 2
  zc = 9  zm = 9  zs = 3  f = 2
  zc = 9  zm = 8  zs = 3  f = 2
  zc = 9  zm = 9  zs = 0  f = 3
  zc = 9  zm = 8  zs = 0  f = 3
  zc = 9  zm = 9  zs = 1  f = 3
  zc = 9  zm = 8  zs = 1  f = 3
  zc = 1  zm = 9  zs = 2  f = 3
  zc = 1  zm = 8  zs = 2  f = 3
  zc = 9  zm = 9  zs = 3  f = 3
  zc = 9  zm = 8  zs = 3  f = 3
  zc = 9  zm = 9  zs = 0  f = 4
  zc = 9  zm = 8  zs = 0  f = 4
  zc = 9  zm = 9  zs = 1  f = 4
  zc = 9  zm = 8  zs = 1  f = 4
  zc = 1  zm = 9  zs = 2  f = 4
  zc = 1  zm = 8  zs = 2  f = 4
  zc = 9  zm = 9  zs = 3  f = 4
  zc = 9  zm = 8  zs = 3  f = 4
  zc = 9  zm = 9  zs = 0  f = 5
  zc = 9  zm = 8  zs = 0  f = 5
  zc = 9  zm = 9  zs = 1  f = 5
  zc = 9  zm = 8  zs = 1  f = 5
  zc = 1  zm = 9  zs = 2  f = 5
  zc = 1  zm = 8  zs = 2  f = 5
  zc = 9  zm = 9  zs = 3  f = 5
  zc = 9  zm = 8  zs = 3  f = 5

Selecting parameters:
  zc = 9  zm = 8  zs = 1  f = 2		IDAT size = 696506

Output file: optimized/cpulove.png

Output IDAT size = 696506 bytes (816914 bytes decrease)
Output file size = 699999 bytes (818018 bytes = 53.89% decrease)

** Warning: The option -log is deprecated; use shell redirection

** Processing: creativeindependent.png
4280x2694 pixels, 4x8 bits/pixel, RGB+alpha
Input IDAT size = 1964332 bytes
Input file size = 1969265 bytes

Trying:
  zc = 9  zm = 9  zs = 0  f = 0		IDAT size = 1749987
  zc = 9  zm = 8  zs = 0  f = 0		IDAT size = 1738097
  zc = 9  zm = 9  zs = 1  f = 0
  zc = 9  zm = 8  zs = 1  f = 0
  zc = 1  zm = 9  zs = 2  f = 0
  zc = 1  zm = 8  zs = 2  f = 0
  zc = 9  zm = 9  zs = 3  f = 0
  zc = 9  zm = 8  zs = 3  f = 0
  zc = 9  zm = 9  zs = 0  f = 1		IDAT size = 1537913
  zc = 9  zm = 8  zs = 0  f = 1		IDAT size = 1529474
  zc = 9  zm = 9  zs = 1  f = 1
  zc = 9  zm = 8  zs = 1  f = 1
  zc = 1  zm = 9  zs = 2  f = 1
  zc = 1  zm = 8  zs = 2  f = 1
  zc = 9  zm = 9  zs = 3  f = 1
  zc = 9  zm = 8  zs = 3  f = 1
  zc = 9  zm = 9  zs = 0  f = 2		IDAT size = 1242986
  zc = 9  zm = 8  zs = 0  f = 2		IDAT size = 1231059
  zc = 9  zm = 9  zs = 1  f = 2
  zc = 9  zm = 8  zs = 1  f = 2
  zc = 1  zm = 9  zs = 2  f = 2
  zc = 1  zm = 8  zs = 2  f = 2
  zc = 9  zm = 9  zs = 3  f = 2
  zc = 9  zm = 8  zs = 3  f = 2
  zc = 9  zm = 9  zs = 0  f = 3
  zc = 9  zm = 8  zs = 0  f = 3
  zc = 9  zm = 9  zs = 1  f = 3
  zc = 9  zm = 8  zs = 1  f = 3
  zc = 1  zm = 9  zs = 2  f = 3
  zc = 1  zm = 8  zs = 2  f = 3
  zc = 9  zm = 9  zs = 3  f = 3
  zc = 9  zm = 8  zs = 3  f = 3
  zc = 9  zm = 9  zs = 0  f = 4
  zc = 9  zm = 8  zs = 0  f = 4
  zc = 9  zm = 9  zs = 1  f = 4
  zc = 9  zm = 8  zs = 1  f = 4
  zc = 1  zm = 9  zs = 2  f = 4
  zc = 1  zm = 8  zs = 2  f = 4
  zc = 9  zm = 9  zs = 3  f = 4
  zc = 9  zm = 8  zs = 3  f = 4
  zc = 9  zm = 9  zs = 0  f = 5
  zc = 9  zm = 8  zs = 0  f = 5
  zc = 9  zm = 9  zs = 1  f = 5
  zc = 9  zm = 8  zs = 1  f = 5
  zc = 1  zm = 9  zs = 2  f = 5
  zc = 1  zm = 8  zs = 2  f = 5
  zc = 9  zm = 9  zs = 3  f = 5
  zc = 9  zm = 8  zs = 3  f = 5

Selecting parameters:
  zc = 9  zm = 8  zs = 0  f = 2		IDAT size = 1231059

Output file: optimized/creativeindependent.png

Output IDAT size = 1231059 bytes (733273 bytes decrease)
Output file size = 1234552 bytes (734713 bytes = 37.31% decrease)

** Warning: The option -log is deprecated; use shell redirection

** Processing: cursorwatch.png
4280x2694 pixels, 4x8 bits/pixel, RGB+alpha
Input IDAT size = 1502403 bytes
Input file size = 1507000 bytes

Trying:
  zc = 9  zm = 9  zs = 0  f = 0		IDAT size = 1341831
  zc = 9  zm = 8  zs = 0  f = 0		IDAT size = 1337665
  zc = 9  zm = 9  zs = 1  f = 0
  zc = 9  zm = 8  zs = 1  f = 0
  zc = 1  zm = 9  zs = 2  f = 0
  zc = 1  zm = 8  zs = 2  f = 0
  zc = 9  zm = 9  zs = 3  f = 0
  zc = 9  zm = 8  zs = 3  f = 0
  zc = 9  zm = 9  zs = 0  f = 1		IDAT size = 1071150
  zc = 9  zm = 8  zs = 0  f = 1		IDAT size = 1067999
  zc = 9  zm = 9  zs = 1  f = 1		IDAT size = 1038486
  zc = 9  zm = 8  zs = 1  f = 1		IDAT size = 1033648
  zc = 1  zm = 9  zs = 2  f = 1
  zc = 1  zm = 8  zs = 2  f = 1
  zc = 9  zm = 9  zs = 3  f = 1
  zc = 9  zm = 8  zs = 3  f = 1
  zc = 9  zm = 9  zs = 0  f = 2		IDAT size = 785478
  zc = 9  zm = 8  zs = 0  f = 2		IDAT size = 776589
  zc = 9  zm = 9  zs = 1  f = 2		IDAT size = 753827
  zc = 9  zm = 8  zs = 1  f = 2		IDAT size = 745337
  zc = 1  zm = 9  zs = 2  f = 2
  zc = 1  zm = 8  zs = 2  f = 2
  zc = 9  zm = 9  zs = 3  f = 2
  zc = 9  zm = 8  zs = 3  f = 2
  zc = 9  zm = 9  zs = 0  f = 3
  zc = 9  zm = 8  zs = 0  f = 3
  zc = 9  zm = 9  zs = 1  f = 3
  zc = 9  zm = 8  zs = 1  f = 3
  zc = 1  zm = 9  zs = 2  f = 3
  zc = 1  zm = 8  zs = 2  f = 3
  zc = 9  zm = 9  zs = 3  f = 3
  zc = 9  zm = 8  zs = 3  f = 3
  zc = 9  zm = 9  zs = 0  f = 4
  zc = 9  zm = 8  zs = 0  f = 4
  zc = 9  zm = 9  zs = 1  f = 4
  zc = 9  zm = 8  zs = 1  f = 4
  zc = 1  zm = 9  zs = 2  f = 4
  zc = 1  zm = 8  zs = 2  f = 4
  zc = 9  zm = 9  zs = 3  f = 4
  zc = 9  zm = 8  zs = 3  f = 4
  zc = 9  zm = 9  zs = 0  f = 5
  zc = 9  zm = 8  zs = 0  f = 5
  zc = 9  zm = 9  zs = 1  f = 5
  zc = 9  zm = 8  zs = 1  f = 5
  zc = 1  zm = 9  zs = 2  f = 5
  zc = 1  zm = 8  zs = 2  f = 5
  zc = 9  zm = 9  zs = 3  f = 5
  zc = 9  zm = 8  zs = 3  f = 5

Selecting parameters:
  zc = 9  zm = 8  zs = 1  f = 2		IDAT size = 745337

Output file: optimized/cursorwatch.png

Output IDAT size = 745337 bytes (757066 bytes decrease)
Output file size = 748830 bytes (758170 bytes = 50.31% decrease)

** Warning: The option -log is deprecated; use shell redirection

** Processing: diversiteit.png
1000x829 pixels, 3x8 bits/pixel, RGB
Input IDAT size = 263772 bytes
Input file size = 264114 bytes

Trying:
  zc = 9  zm = 9  zs = 0  f = 0		IDAT size = 229375
  zc = 9  zm = 8  zs = 0  f = 0		IDAT size = 229235
  zc = 9  zm = 9  zs = 1  f = 0
  zc = 9  zm = 8  zs = 1  f = 0
  zc = 1  zm = 9  zs = 2  f = 0
  zc = 1  zm = 8  zs = 2  f = 0
  zc = 9  zm = 9  zs = 3  f = 0
  zc = 9  zm = 8  zs = 3  f = 0
  zc = 9  zm = 9  zs = 0  f = 1
  zc = 9  zm = 8  zs = 0  f = 1
  zc = 9  zm = 9  zs = 1  f = 1
  zc = 9  zm = 8  zs = 1  f = 1
  zc = 1  zm = 9  zs = 2  f = 1
  zc = 1  zm = 8  zs = 2  f = 1
  zc = 9  zm = 9  zs = 3  f = 1
  zc = 9  zm = 8  zs = 3  f = 1
  zc = 9  zm = 9  zs = 0  f = 2
  zc = 9  zm = 8  zs = 0  f = 2
  zc = 9  zm = 9  zs = 1  f = 2
  zc = 9  zm = 8  zs = 1  f = 2
  zc = 1  zm = 9  zs = 2  f = 2
  zc = 1  zm = 8  zs = 2  f = 2
  zc = 9  zm = 9  zs = 3  f = 2
  zc = 9  zm = 8  zs = 3  f = 2
  zc = 9  zm = 9  zs = 0  f = 3
  zc = 9  zm = 8  zs = 0  f = 3
  zc = 9  zm = 9  zs = 1  f = 3
  zc = 9  zm = 8  zs = 1  f = 3
  zc = 1  zm = 9  zs = 2  f = 3
  zc = 1  zm = 8  zs = 2  f = 3
  zc = 9  zm = 9  zs = 3  f = 3
  zc = 9  zm = 8  zs = 3  f = 3
  zc = 9  zm = 9  zs = 0  f = 4		IDAT size = 227173
  zc = 9  zm = 8  zs = 0  f = 4
  zc = 9  zm = 9  zs = 1  f = 4		IDAT size = 225404
  zc = 9  zm = 8  zs = 1  f = 4
  zc = 1  zm = 9  zs = 2  f = 4
  zc = 1  zm = 8  zs = 2  f = 4
  zc = 9  zm = 9  zs = 3  f = 4		IDAT size = 225297
  zc = 9  zm = 8  zs = 3  f = 4
  zc = 9  zm = 9  zs = 0  f = 5
  zc = 9  zm = 8  zs = 0  f = 5
  zc = 9  zm = 9  zs = 1  f = 5
  zc = 9  zm = 8  zs = 1  f = 5
  zc = 1  zm = 9  zs = 2  f = 5
  zc = 1  zm = 8  zs = 2  f = 5
  zc = 9  zm = 9  zs = 3  f = 5
  zc = 9  zm = 8  zs = 3  f = 5

Selecting parameters:
  zc = 9  zm = 9  zs = 3  f = 4		IDAT size = 225297

Output file: optimized/diversiteit.png

Output IDAT size = 225297 bytes (38475 bytes decrease)
Output file size = 225447 bytes (38667 bytes = 14.64% decrease)

** Warning: The option -log is deprecated; use shell redirection

** Processing: edgeeffects.png
4280x2694 pixels, 4x8 bits/pixel, RGB+alpha
Input IDAT size = 1637545 bytes
Input file size = 1642238 bytes

Trying:
  zc = 9  zm = 9  zs = 0  f = 0		IDAT size = 1401567
  zc = 9  zm = 8  zs = 0  f = 0		IDAT size = 1395676
  zc = 9  zm = 9  zs = 1  f = 0
  zc = 9  zm = 8  zs = 1  f = 0
  zc = 1  zm = 9  zs = 2  f = 0
  zc = 1  zm = 8  zs = 2  f = 0
  zc = 9  zm = 9  zs = 3  f = 0
  zc = 9  zm = 8  zs = 3  f = 0
  zc = 9  zm = 9  zs = 0  f = 1		IDAT size = 1223046
  zc = 9  zm = 8  zs = 0  f = 1		IDAT size = 1218886
  zc = 9  zm = 9  zs = 1  f = 1		IDAT size = 1214932
  zc = 9  zm = 8  zs = 1  f = 1		IDAT size = 1208372
  zc = 1  zm = 9  zs = 2  f = 1
  zc = 1  zm = 8  zs = 2  f = 1
  zc = 9  zm = 9  zs = 3  f = 1
  zc = 9  zm = 8  zs = 3  f = 1
  zc = 9  zm = 9  zs = 0  f = 2		IDAT size = 903928
  zc = 9  zm = 8  zs = 0  f = 2		IDAT size = 893276
  zc = 9  zm = 9  zs = 1  f = 2
  zc = 9  zm = 8  zs = 1  f = 2		IDAT size = 887864
  zc = 1  zm = 9  zs = 2  f = 2
  zc = 1  zm = 8  zs = 2  f = 2
  zc = 9  zm = 9  zs = 3  f = 2
  zc = 9  zm = 8  zs = 3  f = 2
  zc = 9  zm = 9  zs = 0  f = 3
  zc = 9  zm = 8  zs = 0  f = 3
  zc = 9  zm = 9  zs = 1  f = 3
  zc = 9  zm = 8  zs = 1  f = 3
  zc = 1  zm = 9  zs = 2  f = 3
  zc = 1  zm = 8  zs = 2  f = 3
  zc = 9  zm = 9  zs = 3  f = 3
  zc = 9  zm = 8  zs = 3  f = 3
  zc = 9  zm = 9  zs = 0  f = 4
  zc = 9  zm = 8  zs = 0  f = 4
  zc = 9  zm = 9  zs = 1  f = 4
  zc = 9  zm = 8  zs = 1  f = 4
  zc = 1  zm = 9  zs = 2  f = 4
  zc = 1  zm = 8  zs = 2  f = 4
  zc = 9  zm = 9  zs = 3  f = 4
  zc = 9  zm = 8  zs = 3  f = 4
  zc = 9  zm = 9  zs = 0  f = 5
  zc = 9  zm = 8  zs = 0  f = 5
  zc = 9  zm = 9  zs = 1  f = 5
  zc = 9  zm = 8  zs = 1  f = 5
  zc = 1  zm = 9  zs = 2  f = 5
  zc = 1  zm = 8  zs = 2  f = 5
  zc = 9  zm = 9  zs = 3  f = 5
  zc = 9  zm = 8  zs = 3  f = 5

Selecting parameters:
  zc = 9  zm = 8  zs = 1  f = 2		IDAT size = 887864

Output file: optimized/edgeeffects.png

Output IDAT size = 887864 bytes (749681 bytes decrease)
Output file size = 891357 bytes (750881 bytes = 45.72% decrease)

** Warning: The option -log is deprecated; use shell redirection

** Processing: elektuur.png
950x1403 pixels, 3x8 bits/pixel, RGB
Input IDAT size = 2393672 bytes
Input file size = 2395574 bytes

Trying:
  zc = 9  zm = 9  zs = 0  f = 0
  zc = 9  zm = 8  zs = 0  f = 0
  zc = 9  zm = 9  zs = 1  f = 0
  zc = 9  zm = 8  zs = 1  f = 0
  zc = 1  zm = 9  zs = 2  f = 0
  zc = 1  zm = 8  zs = 2  f = 0
  zc = 9  zm = 9  zs = 3  f = 0
  zc = 9  zm = 8  zs = 3  f = 0
  zc = 9  zm = 9  zs = 0  f = 1		IDAT size = 2370515
  zc = 9  zm = 8  zs = 0  f = 1
  zc = 9  zm = 9  zs = 1  f = 1
  zc = 9  zm = 8  zs = 1  f = 1
  zc = 1  zm = 9  zs = 2  f = 1
  zc = 1  zm = 8  zs = 2  f = 1
  zc = 9  zm = 9  zs = 3  f = 1
  zc = 9  zm = 8  zs = 3  f = 1
  zc = 9  zm = 9  zs = 0  f = 2		IDAT size = 2218934
  zc = 9  zm = 8  zs = 0  f = 2
  zc = 9  zm = 9  zs = 1  f = 2
  zc = 9  zm = 8  zs = 1  f = 2
  zc = 1  zm = 9  zs = 2  f = 2
  zc = 1  zm = 8  zs = 2  f = 2
  zc = 9  zm = 9  zs = 3  f = 2
  zc = 9  zm = 8  zs = 3  f = 2
  zc = 9  zm = 9  zs = 0  f = 3
  zc = 9  zm = 8  zs = 0  f = 3
  zc = 9  zm = 9  zs = 1  f = 3
  zc = 9  zm = 8  zs = 1  f = 3
  zc = 1  zm = 9  zs = 2  f = 3
  zc = 1  zm = 8  zs = 2  f = 3
  zc = 9  zm = 9  zs = 3  f = 3
  zc = 9  zm = 8  zs = 3  f = 3
  zc = 9  zm = 9  zs = 0  f = 4
  zc = 9  zm = 8  zs = 0  f = 4
  zc = 9  zm = 9  zs = 1  f = 4
  zc = 9  zm = 8  zs = 1  f = 4
  zc = 1  zm = 9  zs = 2  f = 4
  zc = 1  zm = 8  zs = 2  f = 4
  zc = 9  zm = 9  zs = 3  f = 4
  zc = 9  zm = 8  zs = 3  f = 4
  zc = 9  zm = 9  zs = 0  f = 5
  zc = 9  zm = 8  zs = 0  f = 5
  zc = 9  zm = 9  zs = 1  f = 5
  zc = 9  zm = 8  zs = 1  f = 5
  zc = 1  zm = 9  zs = 2  f = 5
  zc = 1  zm = 8  zs = 2  f = 5
  zc = 9  zm = 9  zs = 3  f = 5
  zc = 9  zm = 8  zs = 3  f = 5

Selecting parameters:
  zc = 9  zm = 9  zs = 0  f = 2		IDAT size = 2218934

Output file: optimized/elektuur.png

Output IDAT size = 2218934 bytes (174738 bytes decrease)
Output file size = 2219084 bytes (176490 bytes = 7.37% decrease)

** Warning: The option -log is deprecated; use shell redirection

** Processing: eva.png
4280x2694 pixels, 4x8 bits/pixel, RGB+alpha
Input IDAT size = 2279299 bytes
Input file size = 2284472 bytes

Trying:
  zc = 9  zm = 9  zs = 0  f = 0		IDAT size = 1851476
  zc = 9  zm = 8  zs = 0  f = 0		IDAT size = 1846319
  zc = 9  zm = 9  zs = 1  f = 0
  zc = 9  zm = 8  zs = 1  f = 0
  zc = 1  zm = 9  zs = 2  f = 0
  zc = 1  zm = 8  zs = 2  f = 0
  zc = 9  zm = 9  zs = 3  f = 0
  zc = 9  zm = 8  zs = 3  f = 0
  zc = 9  zm = 9  zs = 0  f = 1		IDAT size = 1794137
  zc = 9  zm = 8  zs = 0  f = 1		IDAT size = 1789933
  zc = 9  zm = 9  zs = 1  f = 1
  zc = 9  zm = 8  zs = 1  f = 1
  zc = 1  zm = 9  zs = 2  f = 1
  zc = 1  zm = 8  zs = 2  f = 1
  zc = 9  zm = 9  zs = 3  f = 1
  zc = 9  zm = 8  zs = 3  f = 1
  zc = 9  zm = 9  zs = 0  f = 2		IDAT size = 1411197
  zc = 9  zm = 8  zs = 0  f = 2		IDAT size = 1399195
  zc = 9  zm = 9  zs = 1  f = 2
  zc = 9  zm = 8  zs = 1  f = 2
  zc = 1  zm = 9  zs = 2  f = 2
  zc = 1  zm = 8  zs = 2  f = 2
  zc = 9  zm = 9  zs = 3  f = 2
  zc = 9  zm = 8  zs = 3  f = 2
  zc = 9  zm = 9  zs = 0  f = 3
  zc = 9  zm = 8  zs = 0  f = 3
  zc = 9  zm = 9  zs = 1  f = 3
  zc = 9  zm = 8  zs = 1  f = 3
  zc = 1  zm = 9  zs = 2  f = 3
  zc = 1  zm = 8  zs = 2  f = 3
  zc = 9  zm = 9  zs = 3  f = 3
  zc = 9  zm = 8  zs = 3  f = 3
  zc = 9  zm = 9  zs = 0  f = 4
  zc = 9  zm = 8  zs = 0  f = 4
  zc = 9  zm = 9  zs = 1  f = 4
  zc = 9  zm = 8  zs = 1  f = 4
  zc = 1  zm = 9  zs = 2  f = 4
  zc = 1  zm = 8  zs = 2  f = 4
  zc = 9  zm = 9  zs = 3  f = 4
  zc = 9  zm = 8  zs = 3  f = 4
  zc = 9  zm = 9  zs = 0  f = 5		IDAT size = 1360645
  zc = 9  zm = 8  zs = 0  f = 5		IDAT size = 1354937
  zc = 9  zm = 9  zs = 1  f = 5
  zc = 9  zm = 8  zs = 1  f = 5
  zc = 1  zm = 9  zs = 2  f = 5
  zc = 1  zm = 8  zs = 2  f = 5
  zc = 9  zm = 9  zs = 3  f = 5
  zc = 9  zm = 8  zs = 3  f = 5

Selecting parameters:
  zc = 9  zm = 8  zs = 0  f = 5		IDAT size = 1354937

Output file: optimized/eva.png

Output IDAT size = 1354937 bytes (924362 bytes decrease)
Output file size = 1358430 bytes (926042 bytes = 40.54% decrease)

** Warning: The option -log is deprecated; use shell redirection

** Processing: glitch.png
1920x1080 pixels, 3x8 bits/pixel, RGB
Input IDAT size = 1737272 bytes
Input file size = 1738694 bytes

Trying:
  zc = 9  zm = 9  zs = 0  f = 0
  zc = 9  zm = 8  zs = 0  f = 0
  zc = 9  zm = 9  zs = 1  f = 0
  zc = 9  zm = 8  zs = 1  f = 0
  zc = 1  zm = 9  zs = 2  f = 0
  zc = 1  zm = 8  zs = 2  f = 0
  zc = 9  zm = 9  zs = 3  f = 0
  zc = 9  zm = 8  zs = 3  f = 0
  zc = 9  zm = 9  zs = 0  f = 1
  zc = 9  zm = 8  zs = 0  f = 1
  zc = 9  zm = 9  zs = 1  f = 1
  zc = 9  zm = 8  zs = 1  f = 1
  zc = 1  zm = 9  zs = 2  f = 1
  zc = 1  zm = 8  zs = 2  f = 1
  zc = 9  zm = 9  zs = 3  f = 1
  zc = 9  zm = 8  zs = 3  f = 1
  zc = 9  zm = 9  zs = 0  f = 2		IDAT size = 1426999
  zc = 9  zm = 8  zs = 0  f = 2		IDAT size = 1424022
  zc = 9  zm = 9  zs = 1  f = 2
  zc = 9  zm = 8  zs = 1  f = 2
  zc = 1  zm = 9  zs = 2  f = 2
  zc = 1  zm = 8  zs = 2  f = 2
  zc = 9  zm = 9  zs = 3  f = 2
  zc = 9  zm = 8  zs = 3  f = 2
  zc = 9  zm = 9  zs = 0  f = 3
  zc = 9  zm = 8  zs = 0  f = 3
  zc = 9  zm = 9  zs = 1  f = 3
  zc = 9  zm = 8  zs = 1  f = 3
  zc = 1  zm = 9  zs = 2  f = 3
  zc = 1  zm = 8  zs = 2  f = 3
  zc = 9  zm = 9  zs = 3  f = 3
  zc = 9  zm = 8  zs = 3  f = 3
  zc = 9  zm = 9  zs = 0  f = 4
  zc = 9  zm = 8  zs = 0  f = 4
  zc = 9  zm = 9  zs = 1  f = 4		IDAT size = 1387381
  zc = 9  zm = 8  zs = 1  f = 4
  zc = 1  zm = 9  zs = 2  f = 4
  zc = 1  zm = 8  zs = 2  f = 4
  zc = 9  zm = 9  zs = 3  f = 4
  zc = 9  zm = 8  zs = 3  f = 4
  zc = 9  zm = 9  zs = 0  f = 5
  zc = 9  zm = 8  zs = 0  f = 5
  zc = 9  zm = 9  zs = 1  f = 5		IDAT size = 1375054
  zc = 9  zm = 8  zs = 1  f = 5
  zc = 1  zm = 9  zs = 2  f = 5
  zc = 1  zm = 8  zs = 2  f = 5
  zc = 9  zm = 9  zs = 3  f = 5
  zc = 9  zm = 8  zs = 3  f = 5

Selecting parameters:
  zc = 9  zm = 9  zs = 1  f = 5		IDAT size = 1375054

Output file: optimized/glitch.png

Output IDAT size = 1375054 bytes (362218 bytes decrease)
Output file size = 1375204 bytes (363490 bytes = 20.91% decrease)

** Warning: The option -log is deprecated; use shell redirection

** Processing: growth.png
1000x666 pixels, 3x8 bits/pixel, RGB
Reducing image to 8 bits/pixel, 254 colors in palette
Input IDAT size = 125171 bytes
Input file size = 125405 bytes

Trying:
  zc = 9  zm = 9  zs = 0  f = 0		IDAT size = 48674
  zc = 9  zm = 8  zs = 0  f = 0		IDAT size = 48068
  zc = 9  zm = 9  zs = 1  f = 0
  zc = 9  zm = 8  zs = 1  f = 0
  zc = 1  zm = 9  zs = 2  f = 0
  zc = 1  zm = 8  zs = 2  f = 0
  zc = 9  zm = 9  zs = 3  f = 0
  zc = 9  zm = 8  zs = 3  f = 0
  zc = 9  zm = 9  zs = 0  f = 1
  zc = 9  zm = 8  zs = 0  f = 1
  zc = 9  zm = 9  zs = 1  f = 1
  zc = 9  zm = 8  zs = 1  f = 1
  zc = 1  zm = 9  zs = 2  f = 1
  zc = 1  zm = 8  zs = 2  f = 1
  zc = 9  zm = 9  zs = 3  f = 1
  zc = 9  zm = 8  zs = 3  f = 1
  zc = 9  zm = 9  zs = 0  f = 2
  zc = 9  zm = 8  zs = 0  f = 2
  zc = 9  zm = 9  zs = 1  f = 2
  zc = 9  zm = 8  zs = 1  f = 2
  zc = 1  zm = 9  zs = 2  f = 2
  zc = 1  zm = 8  zs = 2  f = 2
  zc = 9  zm = 9  zs = 3  f = 2
  zc = 9  zm = 8  zs = 3  f = 2
  zc = 9  zm = 9  zs = 0  f = 3
  zc = 9  zm = 8  zs = 0  f = 3
  zc = 9  zm = 9  zs = 1  f = 3
  zc = 9  zm = 8  zs = 1  f = 3
  zc = 1  zm = 9  zs = 2  f = 3
  zc = 1  zm = 8  zs = 2  f = 3
  zc = 9  zm = 9  zs = 3  f = 3
  zc = 9  zm = 8  zs = 3  f = 3
  zc = 9  zm = 9  zs = 0  f = 4
  zc = 9  zm = 8  zs = 0  f = 4
  zc = 9  zm = 9  zs = 1  f = 4
  zc = 9  zm = 8  zs = 1  f = 4
  zc = 1  zm = 9  zs = 2  f = 4
  zc = 1  zm = 8  zs = 2  f = 4
  zc = 9  zm = 9  zs = 3  f = 4
  zc = 9  zm = 8  zs = 3  f = 4
  zc = 9  zm = 9  zs = 0  f = 5
  zc = 9  zm = 8  zs = 0  f = 5
  zc = 9  zm = 9  zs = 1  f = 5
  zc = 9  zm = 8  zs = 1  f = 5
  zc = 1  zm = 9  zs = 2  f = 5
  zc = 1  zm = 8  zs = 2  f = 5
  zc = 9  zm = 9  zs = 3  f = 5		IDAT size = 48021
  zc = 9  zm = 8  zs = 3  f = 5		IDAT size = 47939

Selecting parameters:
  zc = 9  zm = 8  zs = 3  f = 5		IDAT size = 47939

Output file: optimized/growth.png

Output IDAT size = 47939 bytes (77232 bytes decrease)
Output file size = 48863 bytes (76542 bytes = 61.04% decrease)

** Warning: The option -log is deprecated; use shell redirection

** Processing: hyves.png
997x632 pixels, 3x8 bits/pixel, RGB
Reducing image to 8 bits/pixel, 256 colors in palette
Input IDAT size = 149648 bytes
Input file size = 149906 bytes

Trying:
  zc = 9  zm = 9  zs = 0  f = 0		IDAT size = 56199
  zc = 9  zm = 8  zs = 0  f = 0		IDAT size = 55300
  zc = 9  zm = 9  zs = 1  f = 0
  zc = 9  zm = 8  zs = 1  f = 0
  zc = 1  zm = 9  zs = 2  f = 0
  zc = 1  zm = 8  zs = 2  f = 0
  zc = 9  zm = 9  zs = 3  f = 0
  zc = 9  zm = 8  zs = 3  f = 0
  zc = 9  zm = 9  zs = 0  f = 1
  zc = 9  zm = 8  zs = 0  f = 1
  zc = 9  zm = 9  zs = 1  f = 1
  zc = 9  zm = 8  zs = 1  f = 1
  zc = 1  zm = 9  zs = 2  f = 1
  zc = 1  zm = 8  zs = 2  f = 1
  zc = 9  zm = 9  zs = 3  f = 1
  zc = 9  zm = 8  zs = 3  f = 1
  zc = 9  zm = 9  zs = 0  f = 2
  zc = 9  zm = 8  zs = 0  f = 2
  zc = 9  zm = 9  zs = 1  f = 2
  zc = 9  zm = 8  zs = 1  f = 2
  zc = 1  zm = 9  zs = 2  f = 2
  zc = 1  zm = 8  zs = 2  f = 2
  zc = 9  zm = 9  zs = 3  f = 2
  zc = 9  zm = 8  zs = 3  f = 2
  zc = 9  zm = 9  zs = 0  f = 3
  zc = 9  zm = 8  zs = 0  f = 3
  zc = 9  zm = 9  zs = 1  f = 3
  zc = 9  zm = 8  zs = 1  f = 3
  zc = 1  zm = 9  zs = 2  f = 3
  zc = 1  zm = 8  zs = 2  f = 3
  zc = 9  zm = 9  zs = 3  f = 3
  zc = 9  zm = 8  zs = 3  f = 3
  zc = 9  zm = 9  zs = 0  f = 4
  zc = 9  zm = 8  zs = 0  f = 4
  zc = 9  zm = 9  zs = 1  f = 4
  zc = 9  zm = 8  zs = 1  f = 4
  zc = 1  zm = 9  zs = 2  f = 4
  zc = 1  zm = 8  zs = 2  f = 4
  zc = 9  zm = 9  zs = 3  f = 4
  zc = 9  zm = 8  zs = 3  f = 4
  zc = 9  zm = 9  zs = 0  f = 5
  zc = 9  zm = 8  zs = 0  f = 5
  zc = 9  zm = 9  zs = 1  f = 5
  zc = 9  zm = 8  zs = 1  f = 5
  zc = 1  zm = 9  zs = 2  f = 5
  zc = 1  zm = 8  zs = 2  f = 5
  zc = 9  zm = 9  zs = 3  f = 5
  zc = 9  zm = 8  zs = 3  f = 5

Selecting parameters:
  zc = 9  zm = 8  zs = 0  f = 0		IDAT size = 55300

Output file: optimized/hyves.png

Output IDAT size = 55300 bytes (94348 bytes decrease)
Output file size = 56230 bytes (93676 bytes = 62.49% decrease)

** Warning: The option -log is deprecated; use shell redirection

** Processing: indieweb.png
4280x2694 pixels, 4x8 bits/pixel, RGB+alpha
Input IDAT size = 2013017 bytes
Input file size = 2017986 bytes

Trying:
  zc = 9  zm = 9  zs = 0  f = 0		IDAT size = 1638580
  zc = 9  zm = 8  zs = 0  f = 0		IDAT size = 1627639
  zc = 9  zm = 9  zs = 1  f = 0
  zc = 9  zm = 8  zs = 1  f = 0
  zc = 1  zm = 9  zs = 2  f = 0
  zc = 1  zm = 8  zs = 2  f = 0
  zc = 9  zm = 9  zs = 3  f = 0
  zc = 9  zm = 8  zs = 3  f = 0
  zc = 9  zm = 9  zs = 0  f = 1		IDAT size = 1549547
  zc = 9  zm = 8  zs = 0  f = 1		IDAT size = 1540283
  zc = 9  zm = 9  zs = 1  f = 1
  zc = 9  zm = 8  zs = 1  f = 1		IDAT size = 1540069
  zc = 1  zm = 9  zs = 2  f = 1
  zc = 1  zm = 8  zs = 2  f = 1
  zc = 9  zm = 9  zs = 3  f = 1
  zc = 9  zm = 8  zs = 3  f = 1
  zc = 9  zm = 9  zs = 0  f = 2		IDAT size = 1208221
  zc = 9  zm = 8  zs = 0  f = 2		IDAT size = 1196220
  zc = 9  zm = 9  zs = 1  f = 2
  zc = 9  zm = 8  zs = 1  f = 2
  zc = 1  zm = 9  zs = 2  f = 2
  zc = 1  zm = 8  zs = 2  f = 2
  zc = 9  zm = 9  zs = 3  f = 2
  zc = 9  zm = 8  zs = 3  f = 2
  zc = 9  zm = 9  zs = 0  f = 3
  zc = 9  zm = 8  zs = 0  f = 3
  zc = 9  zm = 9  zs = 1  f = 3
  zc = 9  zm = 8  zs = 1  f = 3
  zc = 1  zm = 9  zs = 2  f = 3
  zc = 1  zm = 8  zs = 2  f = 3
  zc = 9  zm = 9  zs = 3  f = 3
  zc = 9  zm = 8  zs = 3  f = 3
  zc = 9  zm = 9  zs = 0  f = 4
  zc = 9  zm = 8  zs = 0  f = 4
  zc = 9  zm = 9  zs = 1  f = 4
  zc = 9  zm = 8  zs = 1  f = 4
  zc = 1  zm = 9  zs = 2  f = 4
  zc = 1  zm = 8  zs = 2  f = 4
  zc = 9  zm = 9  zs = 3  f = 4
  zc = 9  zm = 8  zs = 3  f = 4
  zc = 9  zm = 9  zs = 0  f = 5
  zc = 9  zm = 8  zs = 0  f = 5
  zc = 9  zm = 9  zs = 1  f = 5
  zc = 9  zm = 8  zs = 1  f = 5
  zc = 1  zm = 9  zs = 2  f = 5
  zc = 1  zm = 8  zs = 2  f = 5
  zc = 9  zm = 9  zs = 3  f = 5
  zc = 9  zm = 8  zs = 3  f = 5

Selecting parameters:
  zc = 9  zm = 8  zs = 0  f = 2		IDAT size = 1196220

Output file: optimized/indieweb.png

Output IDAT size = 1196220 bytes (816797 bytes decrease)
Output file size = 1199713 bytes (818273 bytes = 40.55% decrease)

** Warning: The option -log is deprecated; use shell redirection

** Processing: intel.png
1542x1756 pixels, 4x8 bits/pixel, RGB+alpha
Reducing image to 3x8 bits/pixel, RGB
Input IDAT size = 646108 bytes
Input file size = 647365 bytes

Trying:
  zc = 9  zm = 9  zs = 0  f = 0		IDAT size = 440017
  zc = 9  zm = 8  zs = 0  f = 0		IDAT size = 438473
  zc = 9  zm = 9  zs = 1  f = 0
  zc = 9  zm = 8  zs = 1  f = 0
  zc = 1  zm = 9  zs = 2  f = 0
  zc = 1  zm = 8  zs = 2  f = 0
  zc = 9  zm = 9  zs = 3  f = 0
  zc = 9  zm = 8  zs = 3  f = 0
  zc = 9  zm = 9  zs = 0  f = 1
  zc = 9  zm = 8  zs = 0  f = 1
  zc = 9  zm = 9  zs = 1  f = 1
  zc = 9  zm = 8  zs = 1  f = 1
  zc = 1  zm = 9  zs = 2  f = 1
  zc = 1  zm = 8  zs = 2  f = 1
  zc = 9  zm = 9  zs = 3  f = 1
  zc = 9  zm = 8  zs = 3  f = 1
  zc = 9  zm = 9  zs = 0  f = 2
  zc = 9  zm = 8  zs = 0  f = 2
  zc = 9  zm = 9  zs = 1  f = 2
  zc = 9  zm = 8  zs = 1  f = 2
  zc = 1  zm = 9  zs = 2  f = 2
  zc = 1  zm = 8  zs = 2  f = 2
  zc = 9  zm = 9  zs = 3  f = 2
  zc = 9  zm = 8  zs = 3  f = 2
  zc = 9  zm = 9  zs = 0  f = 3
  zc = 9  zm = 8  zs = 0  f = 3
  zc = 9  zm = 9  zs = 1  f = 3
  zc = 9  zm = 8  zs = 1  f = 3
  zc = 1  zm = 9  zs = 2  f = 3
  zc = 1  zm = 8  zs = 2  f = 3
  zc = 9  zm = 9  zs = 3  f = 3
  zc = 9  zm = 8  zs = 3  f = 3
  zc = 9  zm = 9  zs = 0  f = 4
  zc = 9  zm = 8  zs = 0  f = 4
  zc = 9  zm = 9  zs = 1  f = 4
  zc = 9  zm = 8  zs = 1  f = 4
  zc = 1  zm = 9  zs = 2  f = 4
  zc = 1  zm = 8  zs = 2  f = 4
  zc = 9  zm = 9  zs = 3  f = 4
  zc = 9  zm = 8  zs = 3  f = 4
  zc = 9  zm = 9  zs = 0  f = 5
  zc = 9  zm = 8  zs = 0  f = 5
  zc = 9  zm = 9  zs = 1  f = 5
  zc = 9  zm = 8  zs = 1  f = 5
  zc = 1  zm = 9  zs = 2  f = 5
  zc = 1  zm = 8  zs = 2  f = 5
  zc = 9  zm = 9  zs = 3  f = 5
  zc = 9  zm = 8  zs = 3  f = 5

Selecting parameters:
  zc = 9  zm = 8  zs = 0  f = 0		IDAT size = 438473

Output file: optimized/intel.png

Output IDAT size = 438473 bytes (207635 bytes decrease)
Output file size = 439250 bytes (208115 bytes = 32.15% decrease)

** Warning: The option -log is deprecated; use shell redirection

** Processing: japansetuin.png
2340x1560 pixels, 3x8 bits/pixel, RGB
Input IDAT size = 7755132 bytes
Input file size = 7760958 bytes

Trying:
  zc = 9  zm = 9  zs = 0  f = 0
  zc = 9  zm = 8  zs = 0  f = 0
  zc = 9  zm = 9  zs = 1  f = 0
  zc = 9  zm = 8  zs = 1  f = 0
  zc = 1  zm = 9  zs = 2  f = 0
  zc = 1  zm = 8  zs = 2  f = 0
  zc = 9  zm = 9  zs = 3  f = 0
  zc = 9  zm = 8  zs = 3  f = 0
  zc = 9  zm = 9  zs = 0  f = 1
  zc = 9  zm = 8  zs = 0  f = 1
  zc = 9  zm = 9  zs = 1  f = 1
  zc = 9  zm = 8  zs = 1  f = 1
  zc = 1  zm = 9  zs = 2  f = 1
  zc = 1  zm = 8  zs = 2  f = 1
  zc = 9  zm = 9  zs = 3  f = 1
  zc = 9  zm = 8  zs = 3  f = 1
  zc = 9  zm = 9  zs = 0  f = 2
  zc = 9  zm = 8  zs = 0  f = 2
  zc = 9  zm = 9  zs = 1  f = 2
  zc = 9  zm = 8  zs = 1  f = 2
  zc = 1  zm = 9  zs = 2  f = 2
  zc = 1  zm = 8  zs = 2  f = 2
  zc = 9  zm = 9  zs = 3  f = 2
  zc = 9  zm = 8  zs = 3  f = 2
  zc = 9  zm = 9  zs = 0  f = 3
  zc = 9  zm = 8  zs = 0  f = 3
  zc = 9  zm = 9  zs = 1  f = 3
  zc = 9  zm = 8  zs = 1  f = 3
  zc = 1  zm = 9  zs = 2  f = 3
  zc = 1  zm = 8  zs = 2  f = 3
  zc = 9  zm = 9  zs = 3  f = 3
  zc = 9  zm = 8  zs = 3  f = 3
  zc = 9  zm = 9  zs = 0  f = 4
  zc = 9  zm = 8  zs = 0  f = 4
  zc = 9  zm = 9  zs = 1  f = 4
  zc = 9  zm = 8  zs = 1  f = 4
  zc = 1  zm = 9  zs = 2  f = 4
  zc = 1  zm = 8  zs = 2  f = 4
  zc = 9  zm = 9  zs = 3  f = 4
  zc = 9  zm = 8  zs = 3  f = 4
  zc = 9  zm = 9  zs = 0  f = 5
  zc = 9  zm = 8  zs = 0  f = 5
  zc = 9  zm = 9  zs = 1  f = 5
  zc = 9  zm = 8  zs = 1  f = 5
  zc = 1  zm = 9  zs = 2  f = 5
  zc = 1  zm = 8  zs = 2  f = 5
  zc = 9  zm = 9  zs = 3  f = 5
  zc = 9  zm = 8  zs = 3  f = 5

Output file: optimized/japansetuin.png

Output IDAT size = 7755132 bytes (no change)
Output file size = 7755282 bytes (5676 bytes = 0.07% decrease)

** Warning: The option -log is deprecated; use shell redirection

** Processing: ju5tu5.png
4280x2694 pixels, 4x8 bits/pixel, RGB+alpha
Input IDAT size = 4083106 bytes
Input file size = 4089587 bytes

Trying:
  zc = 9  zm = 9  zs = 0  f = 0		IDAT size = 2917992
  zc = 9  zm = 8  zs = 0  f = 0		IDAT size = 2912196
  zc = 9  zm = 9  zs = 1  f = 0
  zc = 9  zm = 8  zs = 1  f = 0
  zc = 1  zm = 9  zs = 2  f = 0
  zc = 1  zm = 8  zs = 2  f = 0
  zc = 9  zm = 9  zs = 3  f = 0
  zc = 9  zm = 8  zs = 3  f = 0
  zc = 9  zm = 9  zs = 0  f = 1
  zc = 9  zm = 8  zs = 0  f = 1
  zc = 9  zm = 9  zs = 1  f = 1
  zc = 9  zm = 8  zs = 1  f = 1
  zc = 1  zm = 9  zs = 2  f = 1
  zc = 1  zm = 8  zs = 2  f = 1
  zc = 9  zm = 9  zs = 3  f = 1
  zc = 9  zm = 8  zs = 3  f = 1
  zc = 9  zm = 9  zs = 0  f = 2
  zc = 9  zm = 8  zs = 0  f = 2
  zc = 9  zm = 9  zs = 1  f = 2
  zc = 9  zm = 8  zs = 1  f = 2
  zc = 1  zm = 9  zs = 2  f = 2
  zc = 1  zm = 8  zs = 2  f = 2
  zc = 9  zm = 9  zs = 3  f = 2
  zc = 9  zm = 8  zs = 3  f = 2
  zc = 9  zm = 9  zs = 0  f = 3
  zc = 9  zm = 8  zs = 0  f = 3
  zc = 9  zm = 9  zs = 1  f = 3
  zc = 9  zm = 8  zs = 1  f = 3
  zc = 1  zm = 9  zs = 2  f = 3
  zc = 1  zm = 8  zs = 2  f = 3
  zc = 9  zm = 9  zs = 3  f = 3
  zc = 9  zm = 8  zs = 3  f = 3
  zc = 9  zm = 9  zs = 0  f = 4
  zc = 9  zm = 8  zs = 0  f = 4
  zc = 9  zm = 9  zs = 1  f = 4
  zc = 9  zm = 8  zs = 1  f = 4
  zc = 1  zm = 9  zs = 2  f = 4
  zc = 1  zm = 8  zs = 2  f = 4
  zc = 9  zm = 9  zs = 3  f = 4
  zc = 9  zm = 8  zs = 3  f = 4
  zc = 9  zm = 9  zs = 0  f = 5
  zc = 9  zm = 8  zs = 0  f = 5
  zc = 9  zm = 9  zs = 1  f = 5
  zc = 9  zm = 8  zs = 1  f = 5
  zc = 1  zm = 9  zs = 2  f = 5
  zc = 1  zm = 8  zs = 2  f = 5
  zc = 9  zm = 9  zs = 3  f = 5
  zc = 9  zm = 8  zs = 3  f = 5

Selecting parameters:
  zc = 9  zm = 8  zs = 0  f = 0		IDAT size = 2912196

Output file: optimized/ju5tu5.png

Output IDAT size = 2912196 bytes (1170910 bytes decrease)
Output file size = 2915689 bytes (1173898 bytes = 28.70% decrease)

** Warning: The option -log is deprecated; use shell redirection

** Processing: learning.png
1100x695 pixels, 3x8 bits/pixel, RGB
Input IDAT size = 326509 bytes
Input file size = 326887 bytes

Trying:
  zc = 9  zm = 9  zs = 0  f = 0		IDAT size = 292286
  zc = 9  zm = 8  zs = 0  f = 0		IDAT size = 291239
  zc = 9  zm = 9  zs = 1  f = 0
  zc = 9  zm = 8  zs = 1  f = 0
  zc = 1  zm = 9  zs = 2  f = 0
  zc = 1  zm = 8  zs = 2  f = 0
  zc = 9  zm = 9  zs = 3  f = 0
  zc = 9  zm = 8  zs = 3  f = 0
  zc = 9  zm = 9  zs = 0  f = 1
  zc = 9  zm = 8  zs = 0  f = 1
  zc = 9  zm = 9  zs = 1  f = 1
  zc = 9  zm = 8  zs = 1  f = 1
  zc = 1  zm = 9  zs = 2  f = 1
  zc = 1  zm = 8  zs = 2  f = 1
  zc = 9  zm = 9  zs = 3  f = 1
  zc = 9  zm = 8  zs = 3  f = 1
  zc = 9  zm = 9  zs = 0  f = 2
  zc = 9  zm = 8  zs = 0  f = 2
  zc = 9  zm = 9  zs = 1  f = 2
  zc = 9  zm = 8  zs = 1  f = 2
  zc = 1  zm = 9  zs = 2  f = 2
  zc = 1  zm = 8  zs = 2  f = 2
  zc = 9  zm = 9  zs = 3  f = 2
  zc = 9  zm = 8  zs = 3  f = 2
  zc = 9  zm = 9  zs = 0  f = 3
  zc = 9  zm = 8  zs = 0  f = 3
  zc = 9  zm = 9  zs = 1  f = 3
  zc = 9  zm = 8  zs = 1  f = 3
  zc = 1  zm = 9  zs = 2  f = 3
  zc = 1  zm = 8  zs = 2  f = 3
  zc = 9  zm = 9  zs = 3  f = 3
  zc = 9  zm = 8  zs = 3  f = 3
  zc = 9  zm = 9  zs = 0  f = 4		IDAT size = 287915
  zc = 9  zm = 8  zs = 0  f = 4		IDAT size = 287710
  zc = 9  zm = 9  zs = 1  f = 4		IDAT size = 283402
  zc = 9  zm = 8  zs = 1  f = 4
  zc = 1  zm = 9  zs = 2  f = 4
  zc = 1  zm = 8  zs = 2  f = 4
  zc = 9  zm = 9  zs = 3  f = 4
  zc = 9  zm = 8  zs = 3  f = 4
  zc = 9  zm = 9  zs = 0  f = 5
  zc = 9  zm = 8  zs = 0  f = 5
  zc = 9  zm = 9  zs = 1  f = 5		IDAT size = 282308
  zc = 9  zm = 8  zs = 1  f = 5
  zc = 1  zm = 9  zs = 2  f = 5
  zc = 1  zm = 8  zs = 2  f = 5
  zc = 9  zm = 9  zs = 3  f = 5
  zc = 9  zm = 8  zs = 3  f = 5

Selecting parameters:
  zc = 9  zm = 9  zs = 1  f = 5		IDAT size = 282308

Output file: optimized/learning.png

Output IDAT size = 282308 bytes (44201 bytes decrease)
Output file size = 282458 bytes (44429 bytes = 13.59% decrease)

** Warning: The option -log is deprecated; use shell redirection

** Processing: lowtech.png
4280x2694 pixels, 4x8 bits/pixel, RGB+alpha
Input IDAT size = 8846663 bytes
Input file size = 8856636 bytes

Trying:
  zc = 9  zm = 9  zs = 0  f = 0		IDAT size = 7433810
  zc = 9  zm = 8  zs = 0  f = 0		IDAT size = 7431377
  zc = 9  zm = 9  zs = 1  f = 0
  zc = 9  zm = 8  zs = 1  f = 0
  zc = 1  zm = 9  zs = 2  f = 0
  zc = 1  zm = 8  zs = 2  f = 0
  zc = 9  zm = 9  zs = 3  f = 0
  zc = 9  zm = 8  zs = 3  f = 0
  zc = 9  zm = 9  zs = 0  f = 1
  zc = 9  zm = 8  zs = 0  f = 1
  zc = 9  zm = 9  zs = 1  f = 1
  zc = 9  zm = 8  zs = 1  f = 1
  zc = 1  zm = 9  zs = 2  f = 1
  zc = 1  zm = 8  zs = 2  f = 1
  zc = 9  zm = 9  zs = 3  f = 1
  zc = 9  zm = 8  zs = 3  f = 1
  zc = 9  zm = 9  zs = 0  f = 2
  zc = 9  zm = 8  zs = 0  f = 2
  zc = 9  zm = 9  zs = 1  f = 2
  zc = 9  zm = 8  zs = 1  f = 2
  zc = 1  zm = 9  zs = 2  f = 2
  zc = 1  zm = 8  zs = 2  f = 2
  zc = 9  zm = 9  zs = 3  f = 2
  zc = 9  zm = 8  zs = 3  f = 2
  zc = 9  zm = 9  zs = 0  f = 3
  zc = 9  zm = 8  zs = 0  f = 3
  zc = 9  zm = 9  zs = 1  f = 3
  zc = 9  zm = 8  zs = 1  f = 3
  zc = 1  zm = 9  zs = 2  f = 3
  zc = 1  zm = 8  zs = 2  f = 3
  zc = 9  zm = 9  zs = 3  f = 3
  zc = 9  zm = 8  zs = 3  f = 3
  zc = 9  zm = 9  zs = 0  f = 4
  zc = 9  zm = 8  zs = 0  f = 4
  zc = 9  zm = 9  zs = 1  f = 4
  zc = 9  zm = 8  zs = 1  f = 4
  zc = 1  zm = 9  zs = 2  f = 4
  zc = 1  zm = 8  zs = 2  f = 4
  zc = 9  zm = 9  zs = 3  f = 4
  zc = 9  zm = 8  zs = 3  f = 4
  zc = 9  zm = 9  zs = 0  f = 5
  zc = 9  zm = 8  zs = 0  f = 5
  zc = 9  zm = 9  zs = 1  f = 5
  zc = 9  zm = 8  zs = 1  f = 5
  zc = 1  zm = 9  zs = 2  f = 5
  zc = 1  zm = 8  zs = 2  f = 5
  zc = 9  zm = 9  zs = 3  f = 5
  zc = 9  zm = 8  zs = 3  f = 5

Selecting parameters:
  zc = 9  zm = 8  zs = 0  f = 0		IDAT size = 7431377

Output file: optimized/lowtech.png

Output IDAT size = 7431377 bytes (1415286 bytes decrease)
Output file size = 7434870 bytes (1421766 bytes = 16.05% decrease)

** Warning: The option -log is deprecated; use shell redirection

** Processing: mike.png
502x516 pixels, 4x8 bits/pixel, RGB+alpha
Reducing image to 3x8 bits/pixel, RGB
Input IDAT size = 305849 bytes
Input file size = 309568 bytes

Trying:
  zc = 9  zm = 9  zs = 0  f = 0
  zc = 9  zm = 8  zs = 0  f = 0
  zc = 9  zm = 9  zs = 1  f = 0
  zc = 9  zm = 8  zs = 1  f = 0
  zc = 1  zm = 9  zs = 2  f = 0
  zc = 1  zm = 8  zs = 2  f = 0
  zc = 9  zm = 9  zs = 3  f = 0
  zc = 9  zm = 8  zs = 3  f = 0
  zc = 9  zm = 9  zs = 0  f = 1		IDAT size = 195371
  zc = 9  zm = 8  zs = 0  f = 1		IDAT size = 195107
  zc = 9  zm = 9  zs = 1  f = 1
  zc = 9  zm = 8  zs = 1  f = 1
  zc = 1  zm = 9  zs = 2  f = 1
  zc = 1  zm = 8  zs = 2  f = 1
  zc = 9  zm = 9  zs = 3  f = 1
  zc = 9  zm = 8  zs = 3  f = 1
  zc = 9  zm = 9  zs = 0  f = 2		IDAT size = 179164
  zc = 9  zm = 8  zs = 0  f = 2		IDAT size = 178917
  zc = 9  zm = 9  zs = 1  f = 2
  zc = 9  zm = 8  zs = 1  f = 2
  zc = 1  zm = 9  zs = 2  f = 2
  zc = 1  zm = 8  zs = 2  f = 2
  zc = 9  zm = 9  zs = 3  f = 2
  zc = 9  zm = 8  zs = 3  f = 2
  zc = 9  zm = 9  zs = 0  f = 3
  zc = 9  zm = 8  zs = 0  f = 3
  zc = 9  zm = 9  zs = 1  f = 3
  zc = 9  zm = 8  zs = 1  f = 3
  zc = 1  zm = 9  zs = 2  f = 3
  zc = 1  zm = 8  zs = 2  f = 3
  zc = 9  zm = 9  zs = 3  f = 3
  zc = 9  zm = 8  zs = 3  f = 3
  zc = 9  zm = 9  zs = 0  f = 4		IDAT size = 169598
  zc = 9  zm = 8  zs = 0  f = 4		IDAT size = 169518
  zc = 9  zm = 9  zs = 1  f = 4		IDAT size = 167884
  zc = 9  zm = 8  zs = 1  f = 4		IDAT size = 167677
  zc = 1  zm = 9  zs = 2  f = 4
  zc = 1  zm = 8  zs = 2  f = 4
  zc = 9  zm = 9  zs = 3  f = 4
  zc = 9  zm = 8  zs = 3  f = 4
  zc = 9  zm = 9  zs = 0  f = 5
  zc = 9  zm = 8  zs = 0  f = 5
  zc = 9  zm = 9  zs = 1  f = 5
  zc = 9  zm = 8  zs = 1  f = 5		IDAT size = 167676
  zc = 1  zm = 9  zs = 2  f = 5
  zc = 1  zm = 8  zs = 2  f = 5
  zc = 9  zm = 9  zs = 3  f = 5
  zc = 9  zm = 8  zs = 3  f = 5

Selecting parameters:
  zc = 9  zm = 8  zs = 1  f = 5		IDAT size = 167676

Output file: optimized/mike.png

Output IDAT size = 167676 bytes (138173 bytes decrease)
Output file size = 171167 bytes (138401 bytes = 44.71% decrease)

** Warning: The option -log is deprecated; use shell redirection

** Processing: movabletype.png
2916x2182 pixels, 4x8 bits/pixel, RGB+alpha
Input IDAT size = 2265495 bytes
Input file size = 2270644 bytes

Trying:
  zc = 9  zm = 9  zs = 0  f = 0		IDAT size = 1772136
  zc = 9  zm = 8  zs = 0  f = 0		IDAT size = 1766648
  zc = 9  zm = 9  zs = 1  f = 0
  zc = 9  zm = 8  zs = 1  f = 0
  zc = 1  zm = 9  zs = 2  f = 0
  zc = 1  zm = 8  zs = 2  f = 0
  zc = 9  zm = 9  zs = 3  f = 0
  zc = 9  zm = 8  zs = 3  f = 0
  zc = 9  zm = 9  zs = 0  f = 1		IDAT size = 1643669
  zc = 9  zm = 8  zs = 0  f = 1		IDAT size = 1639664
  zc = 9  zm = 9  zs = 1  f = 1
  zc = 9  zm = 8  zs = 1  f = 1
  zc = 1  zm = 9  zs = 2  f = 1
  zc = 1  zm = 8  zs = 2  f = 1
  zc = 9  zm = 9  zs = 3  f = 1
  zc = 9  zm = 8  zs = 3  f = 1
  zc = 9  zm = 9  zs = 0  f = 2		IDAT size = 1436131
  zc = 9  zm = 8  zs = 0  f = 2		IDAT size = 1426824
  zc = 9  zm = 9  zs = 1  f = 2
  zc = 9  zm = 8  zs = 1  f = 2
  zc = 1  zm = 9  zs = 2  f = 2
  zc = 1  zm = 8  zs = 2  f = 2
  zc = 9  zm = 9  zs = 3  f = 2
  zc = 9  zm = 8  zs = 3  f = 2
  zc = 9  zm = 9  zs = 0  f = 3
  zc = 9  zm = 8  zs = 0  f = 3
  zc = 9  zm = 9  zs = 1  f = 3
  zc = 9  zm = 8  zs = 1  f = 3
  zc = 1  zm = 9  zs = 2  f = 3
  zc = 1  zm = 8  zs = 2  f = 3
  zc = 9  zm = 9  zs = 3  f = 3
  zc = 9  zm = 8  zs = 3  f = 3
  zc = 9  zm = 9  zs = 0  f = 4
  zc = 9  zm = 8  zs = 0  f = 4
  zc = 9  zm = 9  zs = 1  f = 4
  zc = 9  zm = 8  zs = 1  f = 4
  zc = 1  zm = 9  zs = 2  f = 4
  zc = 1  zm = 8  zs = 2  f = 4
  zc = 9  zm = 9  zs = 3  f = 4
  zc = 9  zm = 8  zs = 3  f = 4
  zc = 9  zm = 9  zs = 0  f = 5
  zc = 9  zm = 8  zs = 0  f = 5
  zc = 9  zm = 9  zs = 1  f = 5
  zc = 9  zm = 8  zs = 1  f = 5
  zc = 1  zm = 9  zs = 2  f = 5
  zc = 1  zm = 8  zs = 2  f = 5
  zc = 9  zm = 9  zs = 3  f = 5
  zc = 9  zm = 8  zs = 3  f = 5

Selecting parameters:
  zc = 9  zm = 8  zs = 0  f = 2		IDAT size = 1426824

Output file: optimized/movabletype.png

Output IDAT size = 1426824 bytes (838671 bytes decrease)
Output file size = 1430317 bytes (840327 bytes = 37.01% decrease)

** Warning: The option -log is deprecated; use shell redirection

** Processing: msdosdir.png
387x400 pixels, 1 bit/pixel, 2 colors in palette
Input IDAT size = 2941 bytes
Input file size = 3016 bytes

Trying:
  zc = 9  zm = 9  zs = 0  f = 0
  zc = 9  zm = 8  zs = 0  f = 0
  zc = 9  zm = 9  zs = 1  f = 0
  zc = 9  zm = 8  zs = 1  f = 0
  zc = 1  zm = 9  zs = 2  f = 0
  zc = 1  zm = 8  zs = 2  f = 0
  zc = 9  zm = 9  zs = 3  f = 0
  zc = 9  zm = 8  zs = 3  f = 0
  zc = 9  zm = 9  zs = 0  f = 1
  zc = 9  zm = 8  zs = 0  f = 1
  zc = 9  zm = 9  zs = 1  f = 1
  zc = 9  zm = 8  zs = 1  f = 1
  zc = 1  zm = 9  zs = 2  f = 1
  zc = 1  zm = 8  zs = 2  f = 1
  zc = 9  zm = 9  zs = 3  f = 1
  zc = 9  zm = 8  zs = 3  f = 1
  zc = 9  zm = 9  zs = 0  f = 2
  zc = 9  zm = 8  zs = 0  f = 2
  zc = 9  zm = 9  zs = 1  f = 2
  zc = 9  zm = 8  zs = 1  f = 2
  zc = 1  zm = 9  zs = 2  f = 2
  zc = 1  zm = 8  zs = 2  f = 2
  zc = 9  zm = 9  zs = 3  f = 2
  zc = 9  zm = 8  zs = 3  f = 2
  zc = 9  zm = 9  zs = 0  f = 3
  zc = 9  zm = 8  zs = 0  f = 3
  zc = 9  zm = 9  zs = 1  f = 3
  zc = 9  zm = 8  zs = 1  f = 3
  zc = 1  zm = 9  zs = 2  f = 3
  zc = 1  zm = 8  zs = 2  f = 3
  zc = 9  zm = 9  zs = 3  f = 3
  zc = 9  zm = 8  zs = 3  f = 3
  zc = 9  zm = 9  zs = 0  f = 4
  zc = 9  zm = 8  zs = 0  f = 4
  zc = 9  zm = 9  zs = 1  f = 4
  zc = 9  zm = 8  zs = 1  f = 4
  zc = 1  zm = 9  zs = 2  f = 4
  zc = 1  zm = 8  zs = 2  f = 4
  zc = 9  zm = 9  zs = 3  f = 4
  zc = 9  zm = 8  zs = 3  f = 4
  zc = 9  zm = 9  zs = 0  f = 5
  zc = 9  zm = 8  zs = 0  f = 5
  zc = 9  zm = 9  zs = 1  f = 5
  zc = 9  zm = 8  zs = 1  f = 5
  zc = 1  zm = 9  zs = 2  f = 5
  zc = 1  zm = 8  zs = 2  f = 5
  zc = 9  zm = 9  zs = 3  f = 5
  zc = 9  zm = 8  zs = 3  f = 5

msdosdir.png is already optimized.

Output file: optimized/msdosdir.png

Output IDAT size = 2941 bytes (no change)
Output file size = 3016 bytes (no change)

** Warning: The option -log is deprecated; use shell redirection

** Processing: msdosedit.png
720x400 pixels, 3x8 bits/pixel, RGB
Reducing image to 4 bits/pixel, 5 colors in palette
Input IDAT size = 13213 bytes
Input file size = 13363 bytes

Trying:
  zc = 9  zm = 9  zs = 0  f = 0		IDAT size = 3530
  zc = 9  zm = 8  zs = 0  f = 0
  zc = 9  zm = 9  zs = 1  f = 0		IDAT size = 3517
  zc = 9  zm = 8  zs = 1  f = 0
  zc = 1  zm = 9  zs = 2  f = 0
  zc = 1  zm = 8  zs = 2  f = 0
  zc = 9  zm = 9  zs = 3  f = 0
  zc = 9  zm = 8  zs = 3  f = 0
  zc = 9  zm = 9  zs = 0  f = 1
  zc = 9  zm = 8  zs = 0  f = 1
  zc = 9  zm = 9  zs = 1  f = 1
  zc = 9  zm = 8  zs = 1  f = 1
  zc = 1  zm = 9  zs = 2  f = 1
  zc = 1  zm = 8  zs = 2  f = 1
  zc = 9  zm = 9  zs = 3  f = 1
  zc = 9  zm = 8  zs = 3  f = 1
  zc = 9  zm = 9  zs = 0  f = 2
  zc = 9  zm = 8  zs = 0  f = 2
  zc = 9  zm = 9  zs = 1  f = 2
  zc = 9  zm = 8  zs = 1  f = 2
  zc = 1  zm = 9  zs = 2  f = 2
  zc = 1  zm = 8  zs = 2  f = 2
  zc = 9  zm = 9  zs = 3  f = 2
  zc = 9  zm = 8  zs = 3  f = 2
  zc = 9  zm = 9  zs = 0  f = 3
  zc = 9  zm = 8  zs = 0  f = 3
  zc = 9  zm = 9  zs = 1  f = 3
  zc = 9  zm = 8  zs = 1  f = 3
  zc = 1  zm = 9  zs = 2  f = 3
  zc = 1  zm = 8  zs = 2  f = 3
  zc = 9  zm = 9  zs = 3  f = 3
  zc = 9  zm = 8  zs = 3  f = 3
  zc = 9  zm = 9  zs = 0  f = 4
  zc = 9  zm = 8  zs = 0  f = 4
  zc = 9  zm = 9  zs = 1  f = 4
  zc = 9  zm = 8  zs = 1  f = 4
  zc = 1  zm = 9  zs = 2  f = 4
  zc = 1  zm = 8  zs = 2  f = 4
  zc = 9  zm = 9  zs = 3  f = 4
  zc = 9  zm = 8  zs = 3  f = 4
  zc = 9  zm = 9  zs = 0  f = 5
  zc = 9  zm = 8  zs = 0  f = 5
  zc = 9  zm = 9  zs = 1  f = 5
  zc = 9  zm = 8  zs = 1  f = 5
  zc = 1  zm = 9  zs = 2  f = 5
  zc = 1  zm = 8  zs = 2  f = 5
  zc = 9  zm = 9  zs = 3  f = 5
  zc = 9  zm = 8  zs = 3  f = 5

Selecting parameters:
  zc = 9  zm = 9  zs = 1  f = 0		IDAT size = 3517

Output file: optimized/msdosedit.png

Output IDAT size = 3517 bytes (9696 bytes decrease)
Output file size = 3694 bytes (9669 bytes = 72.36% decrease)

** Warning: The option -log is deprecated; use shell redirection

** Processing: mystical.png
640x480 pixels, 3x8 bits/pixel, RGB
Reducing image to 8 bits/pixel, 161 colors in palette
Input IDAT size = 141281 bytes
Input file size = 141527 bytes

Trying:
  zc = 9  zm = 9  zs = 0  f = 0		IDAT size = 48707
  zc = 9  zm = 8  zs = 0  f = 0		IDAT size = 48459
  zc = 9  zm = 9  zs = 1  f = 0		IDAT size = 47252
  zc = 9  zm = 8  zs = 1  f = 0		IDAT size = 47017
  zc = 1  zm = 9  zs = 2  f = 0
  zc = 1  zm = 8  zs = 2  f = 0
  zc = 9  zm = 9  zs = 3  f = 0
  zc = 9  zm = 8  zs = 3  f = 0
  zc = 9  zm = 9  zs = 0  f = 1
  zc = 9  zm = 8  zs = 0  f = 1
  zc = 9  zm = 9  zs = 1  f = 1
  zc = 9  zm = 8  zs = 1  f = 1
  zc = 1  zm = 9  zs = 2  f = 1
  zc = 1  zm = 8  zs = 2  f = 1
  zc = 9  zm = 9  zs = 3  f = 1
  zc = 9  zm = 8  zs = 3  f = 1
  zc = 9  zm = 9  zs = 0  f = 2
  zc = 9  zm = 8  zs = 0  f = 2
  zc = 9  zm = 9  zs = 1  f = 2
  zc = 9  zm = 8  zs = 1  f = 2
  zc = 1  zm = 9  zs = 2  f = 2
  zc = 1  zm = 8  zs = 2  f = 2
  zc = 9  zm = 9  zs = 3  f = 2
  zc = 9  zm = 8  zs = 3  f = 2
  zc = 9  zm = 9  zs = 0  f = 3
  zc = 9  zm = 8  zs = 0  f = 3
  zc = 9  zm = 9  zs = 1  f = 3
  zc = 9  zm = 8  zs = 1  f = 3
  zc = 1  zm = 9  zs = 2  f = 3
  zc = 1  zm = 8  zs = 2  f = 3
  zc = 9  zm = 9  zs = 3  f = 3
  zc = 9  zm = 8  zs = 3  f = 3
  zc = 9  zm = 9  zs = 0  f = 4
  zc = 9  zm = 8  zs = 0  f = 4
  zc = 9  zm = 9  zs = 1  f = 4
  zc = 9  zm = 8  zs = 1  f = 4
  zc = 1  zm = 9  zs = 2  f = 4
  zc = 1  zm = 8  zs = 2  f = 4
  zc = 9  zm = 9  zs = 3  f = 4
  zc = 9  zm = 8  zs = 3  f = 4
  zc = 9  zm = 9  zs = 0  f = 5
  zc = 9  zm = 8  zs = 0  f = 5
  zc = 9  zm = 9  zs = 1  f = 5
  zc = 9  zm = 8  zs = 1  f = 5
  zc = 1  zm = 9  zs = 2  f = 5
  zc = 1  zm = 8  zs = 2  f = 5
  zc = 9  zm = 9  zs = 3  f = 5
  zc = 9  zm = 8  zs = 3  f = 5

Selecting parameters:
  zc = 9  zm = 8  zs = 1  f = 0		IDAT size = 47017

Output file: optimized/mystical.png

Output IDAT size = 47017 bytes (94264 bytes decrease)
Output file size = 47662 bytes (93865 bytes = 66.32% decrease)

** Warning: The option -log is deprecated; use shell redirection

** Processing: ncr3390.png
1614x2194 pixels, 4x8 bits/pixel, RGB+alpha
Reducing image to 3x8 bits/pixel, RGB
Input IDAT size = 2666015 bytes
Input file size = 2671464 bytes

Trying:
  zc = 9  zm = 9  zs = 0  f = 0		IDAT size = 2576787
  zc = 9  zm = 8  zs = 0  f = 0		IDAT size = 2569423
  zc = 9  zm = 9  zs = 1  f = 0
  zc = 9  zm = 8  zs = 1  f = 0
  zc = 1  zm = 9  zs = 2  f = 0
  zc = 1  zm = 8  zs = 2  f = 0
  zc = 9  zm = 9  zs = 3  f = 0
  zc = 9  zm = 8  zs = 3  f = 0
  zc = 9  zm = 9  zs = 0  f = 1		IDAT size = 2478192
  zc = 9  zm = 8  zs = 0  f = 1		IDAT size = 2474794
  zc = 9  zm = 9  zs = 1  f = 1
  zc = 9  zm = 8  zs = 1  f = 1
  zc = 1  zm = 9  zs = 2  f = 1
  zc = 1  zm = 8  zs = 2  f = 1
  zc = 9  zm = 9  zs = 3  f = 1
  zc = 9  zm = 8  zs = 3  f = 1
  zc = 9  zm = 9  zs = 0  f = 2		IDAT size = 2389675
  zc = 9  zm = 8  zs = 0  f = 2		IDAT size = 2385635
  zc = 9  zm = 9  zs = 1  f = 2
  zc = 9  zm = 8  zs = 1  f = 2
  zc = 1  zm = 9  zs = 2  f = 2
  zc = 1  zm = 8  zs = 2  f = 2
  zc = 9  zm = 9  zs = 3  f = 2
  zc = 9  zm = 8  zs = 3  f = 2
  zc = 9  zm = 9  zs = 0  f = 3		IDAT size = 2358468
  zc = 9  zm = 8  zs = 0  f = 3		IDAT size = 2354154
  zc = 9  zm = 9  zs = 1  f = 3
  zc = 9  zm = 8  zs = 1  f = 3
  zc = 1  zm = 9  zs = 2  f = 3
  zc = 1  zm = 8  zs = 2  f = 3
  zc = 9  zm = 9  zs = 3  f = 3
  zc = 9  zm = 8  zs = 3  f = 3
  zc = 9  zm = 9  zs = 0  f = 4		IDAT size = 2234327
  zc = 9  zm = 8  zs = 0  f = 4		IDAT size = 2232042
  zc = 9  zm = 9  zs = 1  f = 4
  zc = 9  zm = 8  zs = 1  f = 4
  zc = 1  zm = 9  zs = 2  f = 4
  zc = 1  zm = 8  zs = 2  f = 4
  zc = 9  zm = 9  zs = 3  f = 4
  zc = 9  zm = 8  zs = 3  f = 4
  zc = 9  zm = 9  zs = 0  f = 5		IDAT size = 2225306
  zc = 9  zm = 8  zs = 0  f = 5		IDAT size = 2222863
  zc = 9  zm = 9  zs = 1  f = 5
  zc = 9  zm = 8  zs = 1  f = 5
  zc = 1  zm = 9  zs = 2  f = 5
  zc = 1  zm = 8  zs = 2  f = 5
  zc = 9  zm = 9  zs = 3  f = 5
  zc = 9  zm = 8  zs = 3  f = 5

Selecting parameters:
  zc = 9  zm = 8  zs = 0  f = 5		IDAT size = 2222863

Output file: optimized/ncr3390.png

Output IDAT size = 2222863 bytes (443152 bytes decrease)
Output file size = 2226356 bytes (445108 bytes = 16.66% decrease)

** Warning: The option -log is deprecated; use shell redirection

** Processing: ophelia.png
4280x2694 pixels, 4x8 bits/pixel, RGB+alpha
Input IDAT size = 6378234 bytes
Input file size = 6386395 bytes

Trying:
  zc = 9  zm = 9  zs = 0  f = 0
  zc = 9  zm = 8  zs = 0  f = 0
  zc = 9  zm = 9  zs = 1  f = 0
  zc = 9  zm = 8  zs = 1  f = 0
  zc = 1  zm = 9  zs = 2  f = 0
  zc = 1  zm = 8  zs = 2  f = 0
  zc = 9  zm = 9  zs = 3  f = 0
  zc = 9  zm = 8  zs = 3  f = 0
  zc = 9  zm = 9  zs = 0  f = 1		IDAT size = 5496688
  zc = 9  zm = 8  zs = 0  f = 1
  zc = 9  zm = 9  zs = 1  f = 1		IDAT size = 5411451
  zc = 9  zm = 8  zs = 1  f = 1
  zc = 1  zm = 9  zs = 2  f = 1
  zc = 1  zm = 8  zs = 2  f = 1
  zc = 9  zm = 9  zs = 3  f = 1
  zc = 9  zm = 8  zs = 3  f = 1
  zc = 9  zm = 9  zs = 0  f = 2		IDAT size = 5118476
  zc = 9  zm = 8  zs = 0  f = 2		IDAT size = 5114250
  zc = 9  zm = 9  zs = 1  f = 2		IDAT size = 5048383
  zc = 9  zm = 8  zs = 1  f = 2		IDAT size = 5045513
  zc = 1  zm = 9  zs = 2  f = 2
  zc = 1  zm = 8  zs = 2  f = 2
  zc = 9  zm = 9  zs = 3  f = 2
  zc = 9  zm = 8  zs = 3  f = 2
  zc = 9  zm = 9  zs = 0  f = 3
  zc = 9  zm = 8  zs = 0  f = 3
  zc = 9  zm = 9  zs = 1  f = 3
  zc = 9  zm = 8  zs = 1  f = 3
  zc = 1  zm = 9  zs = 2  f = 3
  zc = 1  zm = 8  zs = 2  f = 3
  zc = 9  zm = 9  zs = 3  f = 3
  zc = 9  zm = 8  zs = 3  f = 3
  zc = 9  zm = 9  zs = 0  f = 4		IDAT size = 5034771
  zc = 9  zm = 8  zs = 0  f = 4
  zc = 9  zm = 9  zs = 1  f = 4		IDAT size = 4837753
  zc = 9  zm = 8  zs = 1  f = 4
  zc = 1  zm = 9  zs = 2  f = 4
  zc = 1  zm = 8  zs = 2  f = 4
  zc = 9  zm = 9  zs = 3  f = 4
  zc = 9  zm = 8  zs = 3  f = 4
  zc = 9  zm = 9  zs = 0  f = 5
  zc = 9  zm = 8  zs = 0  f = 5
  zc = 9  zm = 9  zs = 1  f = 5		IDAT size = 4815369
  zc = 9  zm = 8  zs = 1  f = 5
  zc = 1  zm = 9  zs = 2  f = 5
  zc = 1  zm = 8  zs = 2  f = 5
  zc = 9  zm = 9  zs = 3  f = 5
  zc = 9  zm = 8  zs = 3  f = 5

Selecting parameters:
  zc = 9  zm = 9  zs = 1  f = 5		IDAT size = 4815369

Output file: optimized/ophelia.png

Output IDAT size = 4815369 bytes (1562865 bytes decrease)
Output file size = 4818862 bytes (1567533 bytes = 24.54% decrease)

** Warning: The option -log is deprecated; use shell redirection

** Processing: ribozone.png
4280x2694 pixels, 4x8 bits/pixel, RGB+alpha
Input IDAT size = 2625684 bytes
Input file size = 2631097 bytes

Trying:
  zc = 9  zm = 9  zs = 0  f = 0		IDAT size = 1802271
  zc = 9  zm = 8  zs = 0  f = 0		IDAT size = 1799026
  zc = 9  zm = 9  zs = 1  f = 0
  zc = 9  zm = 8  zs = 1  f = 0
  zc = 1  zm = 9  zs = 2  f = 0
  zc = 1  zm = 8  zs = 2  f = 0
  zc = 9  zm = 9  zs = 3  f = 0
  zc = 9  zm = 8  zs = 3  f = 0
  zc = 9  zm = 9  zs = 0  f = 1		IDAT size = 1789004
  zc = 9  zm = 8  zs = 0  f = 1		IDAT size = 1787669
  zc = 9  zm = 9  zs = 1  f = 1		IDAT size = 1779480
  zc = 9  zm = 8  zs = 1  f = 1		IDAT size = 1777518
  zc = 1  zm = 9  zs = 2  f = 1
  zc = 1  zm = 8  zs = 2  f = 1
  zc = 9  zm = 9  zs = 3  f = 1
  zc = 9  zm = 8  zs = 3  f = 1
  zc = 9  zm = 9  zs = 0  f = 2		IDAT size = 1625503
  zc = 9  zm = 8  zs = 0  f = 2		IDAT size = 1619398
  zc = 9  zm = 9  zs = 1  f = 2
  zc = 9  zm = 8  zs = 1  f = 2
  zc = 1  zm = 9  zs = 2  f = 2
  zc = 1  zm = 8  zs = 2  f = 2
  zc = 9  zm = 9  zs = 3  f = 2
  zc = 9  zm = 8  zs = 3  f = 2
  zc = 9  zm = 9  zs = 0  f = 3
  zc = 9  zm = 8  zs = 0  f = 3
  zc = 9  zm = 9  zs = 1  f = 3
  zc = 9  zm = 8  zs = 1  f = 3
  zc = 1  zm = 9  zs = 2  f = 3
  zc = 1  zm = 8  zs = 2  f = 3
  zc = 9  zm = 9  zs = 3  f = 3
  zc = 9  zm = 8  zs = 3  f = 3
  zc = 9  zm = 9  zs = 0  f = 4
  zc = 9  zm = 8  zs = 0  f = 4
  zc = 9  zm = 9  zs = 1  f = 4
  zc = 9  zm = 8  zs = 1  f = 4
  zc = 1  zm = 9  zs = 2  f = 4
  zc = 1  zm = 8  zs = 2  f = 4
  zc = 9  zm = 9  zs = 3  f = 4
  zc = 9  zm = 8  zs = 3  f = 4
  zc = 9  zm = 9  zs = 0  f = 5
  zc = 9  zm = 8  zs = 0  f = 5
  zc = 9  zm = 9  zs = 1  f = 5
  zc = 9  zm = 8  zs = 1  f = 5
  zc = 1  zm = 9  zs = 2  f = 5
  zc = 1  zm = 8  zs = 2  f = 5
  zc = 9  zm = 9  zs = 3  f = 5
  zc = 9  zm = 8  zs = 3  f = 5

Selecting parameters:
  zc = 9  zm = 8  zs = 0  f = 2		IDAT size = 1619398

Output file: optimized/ribozone.png

Output IDAT size = 1619398 bytes (1006286 bytes decrease)
Output file size = 1622891 bytes (1008206 bytes = 38.32% decrease)

** Warning: The option -log is deprecated; use shell redirection

** Processing: sketch.png
640x640 pixels, 3x8 bits/pixel, RGB
Reducing image to 8 bits/pixel, grayscale
Input IDAT size = 144605 bytes
Input file size = 144851 bytes

Trying:
  zc = 9  zm = 9  zs = 0  f = 0		IDAT size = 71347
  zc = 9  zm = 8  zs = 0  f = 0
  zc = 9  zm = 9  zs = 1  f = 0		IDAT size = 67811
  zc = 9  zm = 8  zs = 1  f = 0
  zc = 1  zm = 9  zs = 2  f = 0
  zc = 1  zm = 8  zs = 2  f = 0
  zc = 9  zm = 9  zs = 3  f = 0		IDAT size = 66388
  zc = 9  zm = 8  zs = 3  f = 0
  zc = 9  zm = 9  zs = 0  f = 1
  zc = 9  zm = 8  zs = 0  f = 1
  zc = 9  zm = 9  zs = 1  f = 1
  zc = 9  zm = 8  zs = 1  f = 1
  zc = 1  zm = 9  zs = 2  f = 1
  zc = 1  zm = 8  zs = 2  f = 1
  zc = 9  zm = 9  zs = 3  f = 1
  zc = 9  zm = 8  zs = 3  f = 1
  zc = 9  zm = 9  zs = 0  f = 2
  zc = 9  zm = 8  zs = 0  f = 2
  zc = 9  zm = 9  zs = 1  f = 2
  zc = 9  zm = 8  zs = 1  f = 2
  zc = 1  zm = 9  zs = 2  f = 2
  zc = 1  zm = 8  zs = 2  f = 2
  zc = 9  zm = 9  zs = 3  f = 2
  zc = 9  zm = 8  zs = 3  f = 2
  zc = 9  zm = 9  zs = 0  f = 3
  zc = 9  zm = 8  zs = 0  f = 3
  zc = 9  zm = 9  zs = 1  f = 3
  zc = 9  zm = 8  zs = 1  f = 3
  zc = 1  zm = 9  zs = 2  f = 3
  zc = 1  zm = 8  zs = 2  f = 3
  zc = 9  zm = 9  zs = 3  f = 3
  zc = 9  zm = 8  zs = 3  f = 3
  zc = 9  zm = 9  zs = 0  f = 4
  zc = 9  zm = 8  zs = 0  f = 4
  zc = 9  zm = 9  zs = 1  f = 4
  zc = 9  zm = 8  zs = 1  f = 4
  zc = 1  zm = 9  zs = 2  f = 4
  zc = 1  zm = 8  zs = 2  f = 4
  zc = 9  zm = 9  zs = 3  f = 4
  zc = 9  zm = 8  zs = 3  f = 4
  zc = 9  zm = 9  zs = 0  f = 5
  zc = 9  zm = 8  zs = 0  f = 5
  zc = 9  zm = 9  zs = 1  f = 5
  zc = 9  zm = 8  zs = 1  f = 5
  zc = 1  zm = 9  zs = 2  f = 5
  zc = 1  zm = 8  zs = 2  f = 5
  zc = 9  zm = 9  zs = 3  f = 5
  zc = 9  zm = 8  zs = 3  f = 5

Selecting parameters:
  zc = 9  zm = 9  zs = 3  f = 0		IDAT size = 66388

Output file: optimized/sketch.png

Output IDAT size = 66388 bytes (78217 bytes decrease)
Output file size = 66538 bytes (78313 bytes = 54.06% decrease)

** Warning: The option -log is deprecated; use shell redirection

** Processing: stream.png
800x1200 pixels, 3x8 bits/pixel, RGB
Input IDAT size = 1158041 bytes
Input file size = 1159031 bytes

Trying:
  zc = 9  zm = 9  zs = 0  f = 0
  zc = 9  zm = 8  zs = 0  f = 0
  zc = 9  zm = 9  zs = 1  f = 0
  zc = 9  zm = 8  zs = 1  f = 0
  zc = 1  zm = 9  zs = 2  f = 0
  zc = 1  zm = 8  zs = 2  f = 0
  zc = 9  zm = 9  zs = 3  f = 0
  zc = 9  zm = 8  zs = 3  f = 0
  zc = 9  zm = 9  zs = 0  f = 1		IDAT size = 1019071
  zc = 9  zm = 8  zs = 0  f = 1		IDAT size = 1019008
  zc = 9  zm = 9  zs = 1  f = 1
  zc = 9  zm = 8  zs = 1  f = 1
  zc = 1  zm = 9  zs = 2  f = 1
  zc = 1  zm = 8  zs = 2  f = 1
  zc = 9  zm = 9  zs = 3  f = 1
  zc = 9  zm = 8  zs = 3  f = 1
  zc = 9  zm = 9  zs = 0  f = 2
  zc = 9  zm = 8  zs = 0  f = 2
  zc = 9  zm = 9  zs = 1  f = 2
  zc = 9  zm = 8  zs = 1  f = 2
  zc = 1  zm = 9  zs = 2  f = 2
  zc = 1  zm = 8  zs = 2  f = 2
  zc = 9  zm = 9  zs = 3  f = 2
  zc = 9  zm = 8  zs = 3  f = 2
  zc = 9  zm = 9  zs = 0  f = 3
  zc = 9  zm = 8  zs = 0  f = 3
  zc = 9  zm = 9  zs = 1  f = 3
  zc = 9  zm = 8  zs = 1  f = 3
  zc = 1  zm = 9  zs = 2  f = 3
  zc = 1  zm = 8  zs = 2  f = 3
  zc = 9  zm = 9  zs = 3  f = 3
  zc = 9  zm = 8  zs = 3  f = 3
  zc = 9  zm = 9  zs = 0  f = 4		IDAT size = 1015800
  zc = 9  zm = 8  zs = 0  f = 4
  zc = 9  zm = 9  zs = 1  f = 4
  zc = 9  zm = 8  zs = 1  f = 4
  zc = 1  zm = 9  zs = 2  f = 4
  zc = 1  zm = 8  zs = 2  f = 4
  zc = 9  zm = 9  zs = 3  f = 4
  zc = 9  zm = 8  zs = 3  f = 4
  zc = 9  zm = 9  zs = 0  f = 5
  zc = 9  zm = 8  zs = 0  f = 5
  zc = 9  zm = 9  zs = 1  f = 5
  zc = 9  zm = 8  zs = 1  f = 5
  zc = 1  zm = 9  zs = 2  f = 5
  zc = 1  zm = 8  zs = 2  f = 5
  zc = 9  zm = 9  zs = 3  f = 5
  zc = 9  zm = 8  zs = 3  f = 5

Selecting parameters:
  zc = 9  zm = 9  zs = 0  f = 4		IDAT size = 1015800

Output file: optimized/stream.png

Output IDAT size = 1015800 bytes (142241 bytes decrease)
Output file size = 1015950 bytes (143081 bytes = 12.34% decrease)

** Warning: The option -log is deprecated; use shell redirection

** Processing: tailwind.png
4280x2694 pixels, 4x8 bits/pixel, RGB+alpha
Input IDAT size = 3891861 bytes
Input file size = 3898198 bytes

Trying:
  zc = 9  zm = 9  zs = 0  f = 0		IDAT size = 3260010
  zc = 9  zm = 8  zs = 0  f = 0		IDAT size = 3250836
  zc = 9  zm = 9  zs = 1  f = 0
  zc = 9  zm = 8  zs = 1  f = 0
  zc = 1  zm = 9  zs = 2  f = 0
  zc = 1  zm = 8  zs = 2  f = 0
  zc = 9  zm = 9  zs = 3  f = 0
  zc = 9  zm = 8  zs = 3  f = 0
  zc = 9  zm = 9  zs = 0  f = 1		IDAT size = 2883953
  zc = 9  zm = 8  zs = 0  f = 1		IDAT size = 2874807
  zc = 9  zm = 9  zs = 1  f = 1
  zc = 9  zm = 8  zs = 1  f = 1
  zc = 1  zm = 9  zs = 2  f = 1
  zc = 1  zm = 8  zs = 2  f = 1
  zc = 9  zm = 9  zs = 3  f = 1
  zc = 9  zm = 8  zs = 3  f = 1
  zc = 9  zm = 9  zs = 0  f = 2		IDAT size = 2494220
  zc = 9  zm = 8  zs = 0  f = 2		IDAT size = 2478325
  zc = 9  zm = 9  zs = 1  f = 2
  zc = 9  zm = 8  zs = 1  f = 2
  zc = 1  zm = 9  zs = 2  f = 2
  zc = 1  zm = 8  zs = 2  f = 2
  zc = 9  zm = 9  zs = 3  f = 2
  zc = 9  zm = 8  zs = 3  f = 2
  zc = 9  zm = 9  zs = 0  f = 3
  zc = 9  zm = 8  zs = 0  f = 3
  zc = 9  zm = 9  zs = 1  f = 3
  zc = 9  zm = 8  zs = 1  f = 3
  zc = 1  zm = 9  zs = 2  f = 3
  zc = 1  zm = 8  zs = 2  f = 3
  zc = 9  zm = 9  zs = 3  f = 3
  zc = 9  zm = 8  zs = 3  f = 3
  zc = 9  zm = 9  zs = 0  f = 4
  zc = 9  zm = 8  zs = 0  f = 4
  zc = 9  zm = 9  zs = 1  f = 4
  zc = 9  zm = 8  zs = 1  f = 4
  zc = 1  zm = 9  zs = 2  f = 4
  zc = 1  zm = 8  zs = 2  f = 4
  zc = 9  zm = 9  zs = 3  f = 4
  zc = 9  zm = 8  zs = 3  f = 4
  zc = 9  zm = 9  zs = 0  f = 5
  zc = 9  zm = 8  zs = 0  f = 5		IDAT size = 2473441
  zc = 9  zm = 9  zs = 1  f = 5
  zc = 9  zm = 8  zs = 1  f = 5
  zc = 1  zm = 9  zs = 2  f = 5
  zc = 1  zm = 8  zs = 2  f = 5
  zc = 9  zm = 9  zs = 3  f = 5
  zc = 9  zm = 8  zs = 3  f = 5

Selecting parameters:
  zc = 9  zm = 8  zs = 0  f = 5		IDAT size = 2473441

Output file: optimized/tailwind.png

Output IDAT size = 2473441 bytes (1418420 bytes decrease)
Output file size = 2476934 bytes (1421264 bytes = 36.46% decrease)

** Warning: The option -log is deprecated; use shell redirection

** Processing: tomcruise.png
3000x2200 pixels, 3x8 bits/pixel, RGB
Input IDAT size = 3301811 bytes
Input file size = 3304373 bytes

Trying:
  zc = 9  zm = 9  zs = 0  f = 0
  zc = 9  zm = 8  zs = 0  f = 0
  zc = 9  zm = 9  zs = 1  f = 0
  zc = 9  zm = 8  zs = 1  f = 0
  zc = 1  zm = 9  zs = 2  f = 0
  zc = 1  zm = 8  zs = 2  f = 0
  zc = 9  zm = 9  zs = 3  f = 0
  zc = 9  zm = 8  zs = 3  f = 0
  zc = 9  zm = 9  zs = 0  f = 1		IDAT size = 2994887
  zc = 9  zm = 8  zs = 0  f = 1		IDAT size = 2992208
  zc = 9  zm = 9  zs = 1  f = 1		IDAT size = 2990382
  zc = 9  zm = 8  zs = 1  f = 1		IDAT size = 2988378
  zc = 1  zm = 9  zs = 2  f = 1
  zc = 1  zm = 8  zs = 2  f = 1
  zc = 9  zm = 9  zs = 3  f = 1
  zc = 9  zm = 8  zs = 3  f = 1
  zc = 9  zm = 9  zs = 0  f = 2		IDAT size = 2688385
  zc = 9  zm = 8  zs = 0  f = 2		IDAT size = 2677692
  zc = 9  zm = 9  zs = 1  f = 2
  zc = 9  zm = 8  zs = 1  f = 2
  zc = 1  zm = 9  zs = 2  f = 2
  zc = 1  zm = 8  zs = 2  f = 2
  zc = 9  zm = 9  zs = 3  f = 2
  zc = 9  zm = 8  zs = 3  f = 2
  zc = 9  zm = 9  zs = 0  f = 3
  zc = 9  zm = 8  zs = 0  f = 3
  zc = 9  zm = 9  zs = 1  f = 3
  zc = 9  zm = 8  zs = 1  f = 3
  zc = 1  zm = 9  zs = 2  f = 3
  zc = 1  zm = 8  zs = 2  f = 3
  zc = 9  zm = 9  zs = 3  f = 3
  zc = 9  zm = 8  zs = 3  f = 3
  zc = 9  zm = 9  zs = 0  f = 4
  zc = 9  zm = 8  zs = 0  f = 4
  zc = 9  zm = 9  zs = 1  f = 4		IDAT size = 2623988
  zc = 9  zm = 8  zs = 1  f = 4		IDAT size = 2621098
  zc = 1  zm = 9  zs = 2  f = 4
  zc = 1  zm = 8  zs = 2  f = 4
  zc = 9  zm = 9  zs = 3  f = 4
  zc = 9  zm = 8  zs = 3  f = 4
  zc = 9  zm = 9  zs = 0  f = 5
  zc = 9  zm = 8  zs = 0  f = 5
  zc = 9  zm = 9  zs = 1  f = 5
  zc = 9  zm = 8  zs = 1  f = 5		IDAT size = 2620526
  zc = 1  zm = 9  zs = 2  f = 5
  zc = 1  zm = 8  zs = 2  f = 5
  zc = 9  zm = 9  zs = 3  f = 5
  zc = 9  zm = 8  zs = 3  f = 5

Selecting parameters:
  zc = 9  zm = 8  zs = 1  f = 5		IDAT size = 2620526

Output file: optimized/tomcruise.png

Output IDAT size = 2620526 bytes (681285 bytes decrease)
Output file size = 2620676 bytes (683697 bytes = 20.69% decrease)

** Warning: The option -log is deprecated; use shell redirection

** Processing: topografie.png
1100x976 pixels, 3x8 bits/pixel, RGB
Input IDAT size = 299011 bytes
Input file size = 299377 bytes

Trying:
  zc = 9  zm = 9  zs = 0  f = 0		IDAT size = 278677
  zc = 9  zm = 8  zs = 0  f = 0		IDAT size = 278473
  zc = 9  zm = 9  zs = 1  f = 0
  zc = 9  zm = 8  zs = 1  f = 0
  zc = 1  zm = 9  zs = 2  f = 0
  zc = 1  zm = 8  zs = 2  f = 0
  zc = 9  zm = 9  zs = 3  f = 0
  zc = 9  zm = 8  zs = 3  f = 0
  zc = 9  zm = 9  zs = 0  f = 1
  zc = 9  zm = 8  zs = 0  f = 1
  zc = 9  zm = 9  zs = 1  f = 1
  zc = 9  zm = 8  zs = 1  f = 1
  zc = 1  zm = 9  zs = 2  f = 1
  zc = 1  zm = 8  zs = 2  f = 1
  zc = 9  zm = 9  zs = 3  f = 1
  zc = 9  zm = 8  zs = 3  f = 1
  zc = 9  zm = 9  zs = 0  f = 2
  zc = 9  zm = 8  zs = 0  f = 2
  zc = 9  zm = 9  zs = 1  f = 2
  zc = 9  zm = 8  zs = 1  f = 2
  zc = 1  zm = 9  zs = 2  f = 2
  zc = 1  zm = 8  zs = 2  f = 2
  zc = 9  zm = 9  zs = 3  f = 2
  zc = 9  zm = 8  zs = 3  f = 2
  zc = 9  zm = 9  zs = 0  f = 3
  zc = 9  zm = 8  zs = 0  f = 3
  zc = 9  zm = 9  zs = 1  f = 3
  zc = 9  zm = 8  zs = 1  f = 3
  zc = 1  zm = 9  zs = 2  f = 3
  zc = 1  zm = 8  zs = 2  f = 3
  zc = 9  zm = 9  zs = 3  f = 3
  zc = 9  zm = 8  zs = 3  f = 3
  zc = 9  zm = 9  zs = 0  f = 4		IDAT size = 265856
  zc = 9  zm = 8  zs = 0  f = 4		IDAT size = 265795
  zc = 9  zm = 9  zs = 1  f = 4
  zc = 9  zm = 8  zs = 1  f = 4
  zc = 1  zm = 9  zs = 2  f = 4
  zc = 1  zm = 8  zs = 2  f = 4
  zc = 9  zm = 9  zs = 3  f = 4
  zc = 9  zm = 8  zs = 3  f = 4
  zc = 9  zm = 9  zs = 0  f = 5		IDAT size = 264787
  zc = 9  zm = 8  zs = 0  f = 5		IDAT size = 264715
  zc = 9  zm = 9  zs = 1  f = 5
  zc = 9  zm = 8  zs = 1  f = 5
  zc = 1  zm = 9  zs = 2  f = 5
  zc = 1  zm = 8  zs = 2  f = 5
  zc = 9  zm = 9  zs = 3  f = 5
  zc = 9  zm = 8  zs = 3  f = 5

Selecting parameters:
  zc = 9  zm = 8  zs = 0  f = 5		IDAT size = 264715

Output file: optimized/topografie.png

Output IDAT size = 264715 bytes (34296 bytes decrease)
Output file size = 264865 bytes (34512 bytes = 11.53% decrease)

** Warning: The option -log is deprecated; use shell redirection

** Processing: trees.png
192x256 pixels, 3x8 bits/pixel, RGB
Reducing image to 8 bits/pixel, 62 colors in palette
Input IDAT size = 36894 bytes
Input file size = 37068 bytes

Trying:
  zc = 9  zm = 9  zs = 0  f = 0		IDAT size = 13254
  zc = 9  zm = 8  zs = 0  f = 0		IDAT size = 13254
  zc = 9  zm = 9  zs = 1  f = 0
  zc = 9  zm = 8  zs = 1  f = 0
  zc = 1  zm = 9  zs = 2  f = 0
  zc = 1  zm = 8  zs = 2  f = 0
  zc = 9  zm = 9  zs = 3  f = 0
  zc = 9  zm = 8  zs = 3  f = 0
  zc = 9  zm = 9  zs = 0  f = 1
  zc = 9  zm = 8  zs = 0  f = 1
  zc = 9  zm = 9  zs = 1  f = 1
  zc = 9  zm = 8  zs = 1  f = 1
  zc = 1  zm = 9  zs = 2  f = 1
  zc = 1  zm = 8  zs = 2  f = 1
  zc = 9  zm = 9  zs = 3  f = 1
  zc = 9  zm = 8  zs = 3  f = 1
  zc = 9  zm = 9  zs = 0  f = 2
  zc = 9  zm = 8  zs = 0  f = 2
  zc = 9  zm = 9  zs = 1  f = 2
  zc = 9  zm = 8  zs = 1  f = 2
  zc = 1  zm = 9  zs = 2  f = 2
  zc = 1  zm = 8  zs = 2  f = 2
  zc = 9  zm = 9  zs = 3  f = 2
  zc = 9  zm = 8  zs = 3  f = 2
  zc = 9  zm = 9  zs = 0  f = 3
  zc = 9  zm = 8  zs = 0  f = 3
  zc = 9  zm = 9  zs = 1  f = 3
  zc = 9  zm = 8  zs = 1  f = 3
  zc = 1  zm = 9  zs = 2  f = 3
  zc = 1  zm = 8  zs = 2  f = 3
  zc = 9  zm = 9  zs = 3  f = 3
  zc = 9  zm = 8  zs = 3  f = 3
  zc = 9  zm = 9  zs = 0  f = 4
  zc = 9  zm = 8  zs = 0  f = 4
  zc = 9  zm = 9  zs = 1  f = 4
  zc = 9  zm = 8  zs = 1  f = 4
  zc = 1  zm = 9  zs = 2  f = 4
  zc = 1  zm = 8  zs = 2  f = 4
  zc = 9  zm = 9  zs = 3  f = 4
  zc = 9  zm = 8  zs = 3  f = 4
  zc = 9  zm = 9  zs = 0  f = 5
  zc = 9  zm = 8  zs = 0  f = 5
  zc = 9  zm = 9  zs = 1  f = 5
  zc = 9  zm = 8  zs = 1  f = 5
  zc = 1  zm = 9  zs = 2  f = 5
  zc = 1  zm = 8  zs = 2  f = 5
  zc = 9  zm = 9  zs = 3  f = 5
  zc = 9  zm = 8  zs = 3  f = 5

Selecting parameters:
  zc = 9  zm = 8  zs = 0  f = 0		IDAT size = 13254

Output file: optimized/trees.png

Output IDAT size = 13254 bytes (23640 bytes decrease)
Output file size = 13602 bytes (23466 bytes = 63.31% decrease)

** Warning: The option -log is deprecated; use shell redirection

** Processing: turrican.png
1200x1530 pixels, 3x8 bits/pixel, RGB
Input IDAT size = 2322879 bytes
Input file size = 2324721 bytes

Trying:
  zc = 9  zm = 9  zs = 0  f = 0
  zc = 9  zm = 8  zs = 0  f = 0
  zc = 9  zm = 9  zs = 1  f = 0
  zc = 9  zm = 8  zs = 1  f = 0
  zc = 1  zm = 9  zs = 2  f = 0
  zc = 1  zm = 8  zs = 2  f = 0
  zc = 9  zm = 9  zs = 3  f = 0
  zc = 9  zm = 8  zs = 3  f = 0
  zc = 9  zm = 9  zs = 0  f = 1
  zc = 9  zm = 8  zs = 0  f = 1
  zc = 9  zm = 9  zs = 1  f = 1
  zc = 9  zm = 8  zs = 1  f = 1
  zc = 1  zm = 9  zs = 2  f = 1
  zc = 1  zm = 8  zs = 2  f = 1
  zc = 9  zm = 9  zs = 3  f = 1
  zc = 9  zm = 8  zs = 3  f = 1
  zc = 9  zm = 9  zs = 0  f = 2		IDAT size = 2041118
  zc = 9  zm = 8  zs = 0  f = 2		IDAT size = 2036593
  zc = 9  zm = 9  zs = 1  f = 2
  zc = 9  zm = 8  zs = 1  f = 2
  zc = 1  zm = 9  zs = 2  f = 2
  zc = 1  zm = 8  zs = 2  f = 2
  zc = 9  zm = 9  zs = 3  f = 2
  zc = 9  zm = 8  zs = 3  f = 2
  zc = 9  zm = 9  zs = 0  f = 3
  zc = 9  zm = 8  zs = 0  f = 3
  zc = 9  zm = 9  zs = 1  f = 3
  zc = 9  zm = 8  zs = 1  f = 3
  zc = 1  zm = 9  zs = 2  f = 3
  zc = 1  zm = 8  zs = 2  f = 3
  zc = 9  zm = 9  zs = 3  f = 3
  zc = 9  zm = 8  zs = 3  f = 3
  zc = 9  zm = 9  zs = 0  f = 4		IDAT size = 2021577
  zc = 9  zm = 8  zs = 0  f = 4		IDAT size = 2021497
  zc = 9  zm = 9  zs = 1  f = 4		IDAT size = 1965889
  zc = 9  zm = 8  zs = 1  f = 4
  zc = 1  zm = 9  zs = 2  f = 4
  zc = 1  zm = 8  zs = 2  f = 4
  zc = 9  zm = 9  zs = 3  f = 4
  zc = 9  zm = 8  zs = 3  f = 4
  zc = 9  zm = 9  zs = 0  f = 5
  zc = 9  zm = 8  zs = 0  f = 5
  zc = 9  zm = 9  zs = 1  f = 5		IDAT size = 1965844
  zc = 9  zm = 8  zs = 1  f = 5
  zc = 1  zm = 9  zs = 2  f = 5
  zc = 1  zm = 8  zs = 2  f = 5
  zc = 9  zm = 9  zs = 3  f = 5
  zc = 9  zm = 8  zs = 3  f = 5

Selecting parameters:
  zc = 9  zm = 9  zs = 1  f = 5		IDAT size = 1965844

Output file: optimized/turrican.png

Output IDAT size = 1965844 bytes (357035 bytes decrease)
Output file size = 1965994 bytes (358727 bytes = 15.43% decrease)

** Warning: The option -log is deprecated; use shell redirection

** Processing: turricangameplay.png
1920x1080 pixels, 3x8 bits/pixel, RGB
Input IDAT size = 107295 bytes
Input file size = 107517 bytes

Trying:
  zc = 9  zm = 9  zs = 0  f = 0		IDAT size = 46375
  zc = 9  zm = 8  zs = 0  f = 0		IDAT size = 46353
  zc = 9  zm = 9  zs = 1  f = 0
  zc = 9  zm = 8  zs = 1  f = 0
  zc = 1  zm = 9  zs = 2  f = 0
  zc = 1  zm = 8  zs = 2  f = 0
  zc = 9  zm = 9  zs = 3  f = 0
  zc = 9  zm = 8  zs = 3  f = 0
  zc = 9  zm = 9  zs = 0  f = 1
  zc = 9  zm = 8  zs = 0  f = 1
  zc = 9  zm = 9  zs = 1  f = 1
  zc = 9  zm = 8  zs = 1  f = 1
  zc = 1  zm = 9  zs = 2  f = 1
  zc = 1  zm = 8  zs = 2  f = 1
  zc = 9  zm = 9  zs = 3  f = 1
  zc = 9  zm = 8  zs = 3  f = 1
  zc = 9  zm = 9  zs = 0  f = 2
  zc = 9  zm = 8  zs = 0  f = 2
  zc = 9  zm = 9  zs = 1  f = 2
  zc = 9  zm = 8  zs = 1  f = 2
  zc = 1  zm = 9  zs = 2  f = 2
  zc = 1  zm = 8  zs = 2  f = 2
  zc = 9  zm = 9  zs = 3  f = 2
  zc = 9  zm = 8  zs = 3  f = 2
  zc = 9  zm = 9  zs = 0  f = 3
  zc = 9  zm = 8  zs = 0  f = 3
  zc = 9  zm = 9  zs = 1  f = 3
  zc = 9  zm = 8  zs = 1  f = 3
  zc = 1  zm = 9  zs = 2  f = 3
  zc = 1  zm = 8  zs = 2  f = 3
  zc = 9  zm = 9  zs = 3  f = 3
  zc = 9  zm = 8  zs = 3  f = 3
  zc = 9  zm = 9  zs = 0  f = 4
  zc = 9  zm = 8  zs = 0  f = 4
  zc = 9  zm = 9  zs = 1  f = 4
  zc = 9  zm = 8  zs = 1  f = 4
  zc = 1  zm = 9  zs = 2  f = 4
  zc = 1  zm = 8  zs = 2  f = 4
  zc = 9  zm = 9  zs = 3  f = 4
  zc = 9  zm = 8  zs = 3  f = 4
  zc = 9  zm = 9  zs = 0  f = 5
  zc = 9  zm = 8  zs = 0  f = 5
  zc = 9  zm = 9  zs = 1  f = 5
  zc = 9  zm = 8  zs = 1  f = 5
  zc = 1  zm = 9  zs = 2  f = 5
  zc = 1  zm = 8  zs = 2  f = 5
  zc = 9  zm = 9  zs = 3  f = 5
  zc = 9  zm = 8  zs = 3  f = 5

Selecting parameters:
  zc = 9  zm = 8  zs = 0  f = 0		IDAT size = 46353

Output file: optimized/turricangameplay.png

Output IDAT size = 46353 bytes (60942 bytes decrease)
Output file size = 46503 bytes (61014 bytes = 56.75% decrease)

** Warning: The option -log is deprecated; use shell redirection

** Processing: walledgardens.png
1000x1244 pixels, 3x8 bits/pixel, RGB
Input IDAT size = 476722 bytes
Input file size = 477220 bytes

Trying:
  zc = 9  zm = 9  zs = 0  f = 0		IDAT size = 448276
  zc = 9  zm = 8  zs = 0  f = 0		IDAT size = 446960
  zc = 9  zm = 9  zs = 1  f = 0
  zc = 9  zm = 8  zs = 1  f = 0
  zc = 1  zm = 9  zs = 2  f = 0
  zc = 1  zm = 8  zs = 2  f = 0
  zc = 9  zm = 9  zs = 3  f = 0
  zc = 9  zm = 8  zs = 3  f = 0
  zc = 9  zm = 9  zs = 0  f = 1
  zc = 9  zm = 8  zs = 0  f = 1
  zc = 9  zm = 9  zs = 1  f = 1
  zc = 9  zm = 8  zs = 1  f = 1
  zc = 1  zm = 9  zs = 2  f = 1
  zc = 1  zm = 8  zs = 2  f = 1
  zc = 9  zm = 9  zs = 3  f = 1
  zc = 9  zm = 8  zs = 3  f = 1
  zc = 9  zm = 9  zs = 0  f = 2
  zc = 9  zm = 8  zs = 0  f = 2		IDAT size = 446833
  zc = 9  zm = 9  zs = 1  f = 2
  zc = 9  zm = 8  zs = 1  f = 2
  zc = 1  zm = 9  zs = 2  f = 2
  zc = 1  zm = 8  zs = 2  f = 2
  zc = 9  zm = 9  zs = 3  f = 2
  zc = 9  zm = 8  zs = 3  f = 2
  zc = 9  zm = 9  zs = 0  f = 3
  zc = 9  zm = 8  zs = 0  f = 3
  zc = 9  zm = 9  zs = 1  f = 3
  zc = 9  zm = 8  zs = 1  f = 3
  zc = 1  zm = 9  zs = 2  f = 3
  zc = 1  zm = 8  zs = 2  f = 3
  zc = 9  zm = 9  zs = 3  f = 3
  zc = 9  zm = 8  zs = 3  f = 3
  zc = 9  zm = 9  zs = 0  f = 4		IDAT size = 423516
  zc = 9  zm = 8  zs = 0  f = 4		IDAT size = 423293
  zc = 9  zm = 9  zs = 1  f = 4		IDAT size = 422218
  zc = 9  zm = 8  zs = 1  f = 4
  zc = 1  zm = 9  zs = 2  f = 4
  zc = 1  zm = 8  zs = 2  f = 4
  zc = 9  zm = 9  zs = 3  f = 4
  zc = 9  zm = 8  zs = 3  f = 4
  zc = 9  zm = 9  zs = 0  f = 5		IDAT size = 422043
  zc = 9  zm = 8  zs = 0  f = 5		IDAT size = 421591
  zc = 9  zm = 9  zs = 1  f = 5		IDAT size = 420682
  zc = 9  zm = 8  zs = 1  f = 5
  zc = 1  zm = 9  zs = 2  f = 5
  zc = 1  zm = 8  zs = 2  f = 5
  zc = 9  zm = 9  zs = 3  f = 5
  zc = 9  zm = 8  zs = 3  f = 5

Selecting parameters:
  zc = 9  zm = 9  zs = 1  f = 5		IDAT size = 420682

Output file: optimized/walledgardens.png

Output IDAT size = 420682 bytes (56040 bytes decrease)
Output file size = 420832 bytes (56388 bytes = 11.82% decrease)

** Warning: The option -log is deprecated; use shell redirection

** Processing: wordperfect.png
720x400 pixels, 3x8 bits/pixel, RGB
Reducing image to 2 bits/pixel, 4 colors in palette
Input IDAT size = 20919 bytes
Input file size = 21081 bytes

Trying:
  zc = 9  zm = 9  zs = 0  f = 0		IDAT size = 5856
  zc = 9  zm = 8  zs = 0  f = 0		IDAT size = 5856
  zc = 9  zm = 9  zs = 1  f = 0		IDAT size = 5804
  zc = 9  zm = 8  zs = 1  f = 0		IDAT size = 5800
  zc = 1  zm = 9  zs = 2  f = 0
  zc = 1  zm = 8  zs = 2  f = 0
  zc = 9  zm = 9  zs = 3  f = 0
  zc = 9  zm = 8  zs = 3  f = 0
  zc = 9  zm = 9  zs = 0  f = 1
  zc = 9  zm = 8  zs = 0  f = 1
  zc = 9  zm = 9  zs = 1  f = 1
  zc = 9  zm = 8  zs = 1  f = 1
  zc = 1  zm = 9  zs = 2  f = 1
  zc = 1  zm = 8  zs = 2  f = 1
  zc = 9  zm = 9  zs = 3  f = 1
  zc = 9  zm = 8  zs = 3  f = 1
  zc = 9  zm = 9  zs = 0  f = 2
  zc = 9  zm = 8  zs = 0  f = 2
  zc = 9  zm = 9  zs = 1  f = 2
  zc = 9  zm = 8  zs = 1  f = 2
  zc = 1  zm = 9  zs = 2  f = 2
  zc = 1  zm = 8  zs = 2  f = 2
  zc = 9  zm = 9  zs = 3  f = 2
  zc = 9  zm = 8  zs = 3  f = 2
  zc = 9  zm = 9  zs = 0  f = 3
  zc = 9  zm = 8  zs = 0  f = 3
  zc = 9  zm = 9  zs = 1  f = 3
  zc = 9  zm = 8  zs = 1  f = 3
  zc = 1  zm = 9  zs = 2  f = 3
  zc = 1  zm = 8  zs = 2  f = 3
  zc = 9  zm = 9  zs = 3  f = 3
  zc = 9  zm = 8  zs = 3  f = 3
  zc = 9  zm = 9  zs = 0  f = 4
  zc = 9  zm = 8  zs = 0  f = 4
  zc = 9  zm = 9  zs = 1  f = 4
  zc = 9  zm = 8  zs = 1  f = 4
  zc = 1  zm = 9  zs = 2  f = 4
  zc = 1  zm = 8  zs = 2  f = 4
  zc = 9  zm = 9  zs = 3  f = 4
  zc = 9  zm = 8  zs = 3  f = 4
  zc = 9  zm = 9  zs = 0  f = 5
  zc = 9  zm = 8  zs = 0  f = 5
  zc = 9  zm = 9  zs = 1  f = 5
  zc = 9  zm = 8  zs = 1  f = 5
  zc = 1  zm = 9  zs = 2  f = 5
  zc = 1  zm = 8  zs = 2  f = 5
  zc = 9  zm = 9  zs = 3  f = 5
  zc = 9  zm = 8  zs = 3  f = 5

Selecting parameters:
  zc = 9  zm = 8  zs = 1  f = 0		IDAT size = 5800

Output file: optimized/wordperfect.png

Output IDAT size = 5800 bytes (15119 bytes decrease)
Output file size = 5974 bytes (15107 bytes = 71.66% decrease)

** Warning: The option -log is deprecated; use shell redirection

** Processing: wwwebring.png
4280x2694 pixels, 4x8 bits/pixel, RGB+alpha
Input IDAT size = 2219636 bytes
Input file size = 2224749 bytes

Trying:
  zc = 9  zm = 9  zs = 0  f = 0		IDAT size = 1712721
  zc = 9  zm = 8  zs = 0  f = 0		IDAT size = 1705307
  zc = 9  zm = 9  zs = 1  f = 0
  zc = 9  zm = 8  zs = 1  f = 0
  zc = 1  zm = 9  zs = 2  f = 0
  zc = 1  zm = 8  zs = 2  f = 0
  zc = 9  zm = 9  zs = 3  f = 0
  zc = 9  zm = 8  zs = 3  f = 0
  zc = 9  zm = 9  zs = 0  f = 1		IDAT size = 1593976
  zc = 9  zm = 8  zs = 0  f = 1		IDAT size = 1590113
  zc = 9  zm = 9  zs = 1  f = 1
  zc = 9  zm = 8  zs = 1  f = 1
  zc = 1  zm = 9  zs = 2  f = 1
  zc = 1  zm = 8  zs = 2  f = 1
  zc = 9  zm = 9  zs = 3  f = 1
  zc = 9  zm = 8  zs = 3  f = 1
  zc = 9  zm = 9  zs = 0  f = 2		IDAT size = 1253203
  zc = 9  zm = 8  zs = 0  f = 2		IDAT size = 1241992
  zc = 9  zm = 9  zs = 1  f = 2
  zc = 9  zm = 8  zs = 1  f = 2
  zc = 1  zm = 9  zs = 2  f = 2
  zc = 1  zm = 8  zs = 2  f = 2
  zc = 9  zm = 9  zs = 3  f = 2
  zc = 9  zm = 8  zs = 3  f = 2
  zc = 9  zm = 9  zs = 0  f = 3
  zc = 9  zm = 8  zs = 0  f = 3
  zc = 9  zm = 9  zs = 1  f = 3
  zc = 9  zm = 8  zs = 1  f = 3
  zc = 1  zm = 9  zs = 2  f = 3
  zc = 1  zm = 8  zs = 2  f = 3
  zc = 9  zm = 9  zs = 3  f = 3
  zc = 9  zm = 8  zs = 3  f = 3
  zc = 9  zm = 9  zs = 0  f = 4
  zc = 9  zm = 8  zs = 0  f = 4
  zc = 9  zm = 9  zs = 1  f = 4
  zc = 9  zm = 8  zs = 1  f = 4
  zc = 1  zm = 9  zs = 2  f = 4
  zc = 1  zm = 8  zs = 2  f = 4
  zc = 9  zm = 9  zs = 3  f = 4
  zc = 9  zm = 8  zs = 3  f = 4
  zc = 9  zm = 9  zs = 0  f = 5
  zc = 9  zm = 8  zs = 0  f = 5
  zc = 9  zm = 9  zs = 1  f = 5
  zc = 9  zm = 8  zs = 1  f = 5
  zc = 1  zm = 9  zs = 2  f = 5
  zc = 1  zm = 8  zs = 2  f = 5
  zc = 9  zm = 9  zs = 3  f = 5
  zc = 9  zm = 8  zs = 3  f = 5

Selecting parameters:
  zc = 9  zm = 8  zs = 0  f = 2		IDAT size = 1241992

Output file: optimized/wwwebring.png

Output IDAT size = 1241992 bytes (977644 bytes decrease)
Output file size = 1245485 bytes (979264 bytes = 44.02% decrease)

